{"total": {"lines":{"total":19952,"covered":177,"skipped":0,"pct":0.88},"statements":{"total":22060,"covered":194,"skipped":0,"pct":0.87},"functions":{"total":5865,"covered":33,"skipped":0,"pct":0.56},"branches":{"total":13028,"covered":113,"skipped":0,"pct":0.86},"branchesTrue":{"total":0,"covered":0,"skipped":0,"pct":100}}
,"C:\\Users\\tubbeTEC\\Downloads\\Anamnese-kimi\\anamnese-app\\server\\config.ts": {"lines":{"total":25,"covered":21,"skipped":0,"pct":84},"functions":{"total":5,"covered":3,"skipped":0,"pct":60},"statements":{"total":26,"covered":21,"skipped":0,"pct":80.76},"branches":{"total":22,"covered":14,"skipped":0,"pct":63.63}}
,"C:\\Users\\tubbeTEC\\Downloads\\Anamnese-kimi\\anamnese-app\\server\\db.ts": {"lines":{"total":4,"covered":0,"skipped":0,"pct":0},"functions":{"total":0,"covered":0,"skipped":0,"pct":100},"statements":{"total":4,"covered":0,"skipped":0,"pct":0},"branches":{"total":4,"covered":0,"skipped":0,"pct":0}}
,"C:\\Users\\tubbeTEC\\Downloads\\Anamnese-kimi\\anamnese-app\\server\\logger.ts": {"lines":{"total":27,"covered":0,"skipped":0,"pct":0},"functions":{"total":9,"covered":0,"skipped":0,"pct":0},"statements":{"total":31,"covered":0,"skipped":0,"pct":0},"branches":{"total":29,"covered":0,"skipped":0,"pct":0}}
,"C:\\Users\\tubbeTEC\\Downloads\\Anamnese-kimi\\anamnese-app\\server\\redis.ts": {"lines":{"total":28,"covered":4,"skipped":0,"pct":14.28},"functions":{"total":8,"covered":2,"skipped":0,"pct":25},"statements":{"total":29,"covered":4,"skipped":0,"pct":13.79},"branches":{"total":8,"covered":0,"skipped":0,"pct":0}}
,"C:\\Users\\tubbeTEC\\Downloads\\Anamnese-kimi\\anamnese-app\\server\\socket.ts": {"lines":{"total":168,"covered":0,"skipped":0,"pct":0},"functions":{"total":53,"covered":0,"skipped":0,"pct":0},"statements":{"total":176,"covered":0,"skipped":0,"pct":0},"branches":{"total":76,"covered":0,"skipped":0,"pct":0}}
,"C:\\Users\\tubbeTEC\\Downloads\\Anamnese-kimi\\anamnese-app\\server\\swagger.ts": {"lines":{"total":2,"covered":0,"skipped":0,"pct":0},"functions":{"total":0,"covered":0,"skipped":0,"pct":100},"statements":{"total":2,"covered":0,"skipped":0,"pct":0},"branches":{"total":2,"covered":0,"skipped":0,"pct":0}}
,"C:\\Users\\tubbeTEC\\Downloads\\Anamnese-kimi\\anamnese-app\\server\\agents\\abrechnung.agent.ts": {"lines":{"total":12,"covered":0,"skipped":0,"pct":0},"functions":{"total":1,"covered":0,"skipped":0,"pct":0},"statements":{"total":12,"covered":0,"skipped":0,"pct":0},"branches":{"total":2,"covered":0,"skipped":0,"pct":0}}
,"C:\\Users\\tubbeTEC\\Downloads\\Anamnese-kimi\\anamnese-app\\server\\agents\\dokumentation.agent.ts": {"lines":{"total":11,"covered":0,"skipped":0,"pct":0},"functions":{"total":1,"covered":0,"skipped":0,"pct":0},"statements":{"total":11,"covered":0,"skipped":0,"pct":0},"branches":{"total":4,"covered":0,"skipped":0,"pct":0}}
,"C:\\Users\\tubbeTEC\\Downloads\\Anamnese-kimi\\anamnese-app\\server\\agents\\empfang.agent.ts": {"lines":{"total":12,"covered":0,"skipped":0,"pct":0},"functions":{"total":1,"covered":0,"skipped":0,"pct":0},"statements":{"total":12,"covered":0,"skipped":0,"pct":0},"branches":{"total":2,"covered":0,"skipped":0,"pct":0}}
,"C:\\Users\\tubbeTEC\\Downloads\\Anamnese-kimi\\anamnese-app\\server\\agents\\orchestrator.agent.ts": {"lines":{"total":17,"covered":0,"skipped":0,"pct":0},"functions":{"total":6,"covered":0,"skipped":0,"pct":0},"statements":{"total":19,"covered":0,"skipped":0,"pct":0},"branches":{"total":4,"covered":0,"skipped":0,"pct":0}}
,"C:\\Users\\tubbeTEC\\Downloads\\Anamnese-kimi\\anamnese-app\\server\\agents\\triage.agent.ts": {"lines":{"total":13,"covered":0,"skipped":0,"pct":0},"functions":{"total":1,"covered":0,"skipped":0,"pct":0},"statements":{"total":14,"covered":0,"skipped":0,"pct":0},"branches":{"total":4,"covered":0,"skipped":0,"pct":0}}
,"C:\\Users\\tubbeTEC\\Downloads\\Anamnese-kimi\\anamnese-app\\server\\config\\stripe.ts": {"lines":{"total":22,"covered":0,"skipped":0,"pct":0},"functions":{"total":6,"covered":0,"skipped":0,"pct":0},"statements":{"total":22,"covered":0,"skipped":0,"pct":0},"branches":{"total":9,"covered":0,"skipped":0,"pct":0}}
,"C:\\Users\\tubbeTEC\\Downloads\\Anamnese-kimi\\anamnese-app\\server\\engine\\QuestionFlowEngine.ts": {"lines":{"total":81,"covered":0,"skipped":0,"pct":0},"functions":{"total":12,"covered":0,"skipped":0,"pct":0},"statements":{"total":90,"covered":0,"skipped":0,"pct":0},"branches":{"total":86,"covered":0,"skipped":0,"pct":0}}
,"C:\\Users\\tubbeTEC\\Downloads\\Anamnese-kimi\\anamnese-app\\server\\engine\\TriageEngine.ts": {"lines":{"total":82,"covered":71,"skipped":0,"pct":86.58},"functions":{"total":19,"covered":19,"skipped":0,"pct":100},"statements":{"total":98,"covered":86,"skipped":0,"pct":87.75},"branches":{"total":90,"covered":69,"skipped":0,"pct":76.66}}
,"C:\\Users\\tubbeTEC\\Downloads\\Anamnese-kimi\\anamnese-app\\server\\i18n\\index.ts": {"lines":{"total":37,"covered":0,"skipped":0,"pct":0},"functions":{"total":6,"covered":0,"skipped":0,"pct":0},"statements":{"total":41,"covered":0,"skipped":0,"pct":0},"branches":{"total":27,"covered":0,"skipped":0,"pct":0}}
,"C:\\Users\\tubbeTEC\\Downloads\\Anamnese-kimi\\anamnese-app\\server\\jobs\\backupScheduler.ts": {"lines":{"total":31,"covered":0,"skipped":0,"pct":0},"functions":{"total":5,"covered":0,"skipped":0,"pct":0},"statements":{"total":31,"covered":0,"skipped":0,"pct":0},"branches":{"total":14,"covered":0,"skipped":0,"pct":0}}
,"C:\\Users\\tubbeTEC\\Downloads\\Anamnese-kimi\\anamnese-app\\server\\jobs\\billingReconciler.ts": {"lines":{"total":49,"covered":0,"skipped":0,"pct":0},"functions":{"total":10,"covered":0,"skipped":0,"pct":0},"statements":{"total":53,"covered":0,"skipped":0,"pct":0},"branches":{"total":28,"covered":0,"skipped":0,"pct":0}}
,"C:\\Users\\tubbeTEC\\Downloads\\Anamnese-kimi\\anamnese-app\\server\\jobs\\cleanup.ts": {"lines":{"total":11,"covered":0,"skipped":0,"pct":0},"functions":{"total":2,"covered":0,"skipped":0,"pct":0},"statements":{"total":11,"covered":0,"skipped":0,"pct":0},"branches":{"total":2,"covered":0,"skipped":0,"pct":0}}
,"C:\\Users\\tubbeTEC\\Downloads\\Anamnese-kimi\\anamnese-app\\server\\jobs\\complianceReporter.ts": {"lines":{"total":51,"covered":0,"skipped":0,"pct":0},"functions":{"total":7,"covered":0,"skipped":0,"pct":0},"statements":{"total":60,"covered":0,"skipped":0,"pct":0},"branches":{"total":44,"covered":0,"skipped":0,"pct":0}}
,"C:\\Users\\tubbeTEC\\Downloads\\Anamnese-kimi\\anamnese-app\\server\\jobs\\escalationWorker.ts": {"lines":{"total":42,"covered":0,"skipped":0,"pct":0},"functions":{"total":5,"covered":0,"skipped":0,"pct":0},"statements":{"total":45,"covered":0,"skipped":0,"pct":0},"branches":{"total":28,"covered":0,"skipped":0,"pct":0}}
,"C:\\Users\\tubbeTEC\\Downloads\\Anamnese-kimi\\anamnese-app\\server\\jobs\\hardDeleteWorker.ts": {"lines":{"total":18,"covered":0,"skipped":0,"pct":0},"functions":{"total":3,"covered":0,"skipped":0,"pct":0},"statements":{"total":19,"covered":0,"skipped":0,"pct":0},"branches":{"total":2,"covered":0,"skipped":0,"pct":0}}
,"C:\\Users\\tubbeTEC\\Downloads\\Anamnese-kimi\\anamnese-app\\server\\jobs\\queueAutoDispatch.ts": {"lines":{"total":45,"covered":0,"skipped":0,"pct":0},"functions":{"total":8,"covered":0,"skipped":0,"pct":0},"statements":{"total":48,"covered":0,"skipped":0,"pct":0},"branches":{"total":33,"covered":0,"skipped":0,"pct":0}}
,"C:\\Users\\tubbeTEC\\Downloads\\Anamnese-kimi\\anamnese-app\\server\\jobs\\reminderWorker.ts": {"lines":{"total":14,"covered":0,"skipped":0,"pct":0},"functions":{"total":3,"covered":0,"skipped":0,"pct":0},"statements":{"total":14,"covered":0,"skipped":0,"pct":0},"branches":{"total":4,"covered":0,"skipped":0,"pct":0}}
,"C:\\Users\\tubbeTEC\\Downloads\\Anamnese-kimi\\anamnese-app\\server\\jobs\\roiSnapshot.ts": {"lines":{"total":18,"covered":0,"skipped":0,"pct":0},"functions":{"total":5,"covered":0,"skipped":0,"pct":0},"statements":{"total":18,"covered":0,"skipped":0,"pct":0},"branches":{"total":4,"covered":0,"skipped":0,"pct":0}}
,"C:\\Users\\tubbeTEC\\Downloads\\Anamnese-kimi\\anamnese-app\\server\\middleware\\audit.ts": {"lines":{"total":25,"covered":0,"skipped":0,"pct":0},"functions":{"total":6,"covered":0,"skipped":0,"pct":0},"statements":{"total":27,"covered":0,"skipped":0,"pct":0},"branches":{"total":20,"covered":0,"skipped":0,"pct":0}}
,"C:\\Users\\tubbeTEC\\Downloads\\Anamnese-kimi\\anamnese-app\\server\\middleware\\auth.ts": {"lines":{"total":87,"covered":0,"skipped":0,"pct":0},"functions":{"total":12,"covered":0,"skipped":0,"pct":0},"statements":{"total":88,"covered":0,"skipped":0,"pct":0},"branches":{"total":48,"covered":0,"skipped":0,"pct":0}}
,"C:\\Users\\tubbeTEC\\Downloads\\Anamnese-kimi\\anamnese-app\\server\\middleware\\csrf.ts": {"lines":{"total":35,"covered":0,"skipped":0,"pct":0},"functions":{"total":4,"covered":0,"skipped":0,"pct":0},"statements":{"total":35,"covered":0,"skipped":0,"pct":0},"branches":{"total":16,"covered":0,"skipped":0,"pct":0}}
,"C:\\Users\\tubbeTEC\\Downloads\\Anamnese-kimi\\anamnese-app\\server\\middleware\\tenant.ts": {"lines":{"total":74,"covered":0,"skipped":0,"pct":0},"functions":{"total":8,"covered":0,"skipped":0,"pct":0},"statements":{"total":76,"covered":0,"skipped":0,"pct":0},"branches":{"total":62,"covered":0,"skipped":0,"pct":0}}
,"C:\\Users\\tubbeTEC\\Downloads\\Anamnese-kimi\\anamnese-app\\server\\routes\\admin.ts": {"lines":{"total":218,"covered":0,"skipped":0,"pct":0},"functions":{"total":27,"covered":0,"skipped":0,"pct":0},"statements":{"total":247,"covered":0,"skipped":0,"pct":0},"branches":{"total":90,"covered":0,"skipped":0,"pct":0}}
,"C:\\Users\\tubbeTEC\\Downloads\\Anamnese-kimi\\anamnese-app\\server\\routes\\agents.ts": {"lines":{"total":96,"covered":0,"skipped":0,"pct":0},"functions":{"total":15,"covered":0,"skipped":0,"pct":0},"statements":{"total":99,"covered":0,"skipped":0,"pct":0},"branches":{"total":51,"covered":0,"skipped":0,"pct":0}}
,"C:\\Users\\tubbeTEC\\Downloads\\Anamnese-kimi\\anamnese-app\\server\\routes\\answers.ts": {"lines":{"total":67,"covered":0,"skipped":0,"pct":0},"functions":{"total":3,"covered":0,"skipped":0,"pct":0},"statements":{"total":73,"covered":0,"skipped":0,"pct":0},"branches":{"total":68,"covered":0,"skipped":0,"pct":0}}
,"C:\\Users\\tubbeTEC\\Downloads\\Anamnese-kimi\\anamnese-app\\server\\routes\\arzt.ts": {"lines":{"total":104,"covered":0,"skipped":0,"pct":0},"functions":{"total":10,"covered":0,"skipped":0,"pct":0},"statements":{"total":107,"covered":0,"skipped":0,"pct":0},"branches":{"total":34,"covered":0,"skipped":0,"pct":0}}
,"C:\\Users\\tubbeTEC\\Downloads\\Anamnese-kimi\\anamnese-app\\server\\routes\\atoms.ts": {"lines":{"total":82,"covered":0,"skipped":0,"pct":0},"functions":{"total":12,"covered":0,"skipped":0,"pct":0},"statements":{"total":95,"covered":0,"skipped":0,"pct":0},"branches":{"total":68,"covered":0,"skipped":0,"pct":0}}
,"C:\\Users\\tubbeTEC\\Downloads\\Anamnese-kimi\\anamnese-app\\server\\routes\\avatar.ts": {"lines":{"total":61,"covered":0,"skipped":0,"pct":0},"functions":{"total":10,"covered":0,"skipped":0,"pct":0},"statements":{"total":61,"covered":0,"skipped":0,"pct":0},"branches":{"total":2,"covered":0,"skipped":0,"pct":0}}
,"C:\\Users\\tubbeTEC\\Downloads\\Anamnese-kimi\\anamnese-app\\server\\routes\\billing.ts": {"lines":{"total":121,"covered":0,"skipped":0,"pct":0},"functions":{"total":10,"covered":0,"skipped":0,"pct":0},"statements":{"total":121,"covered":0,"skipped":0,"pct":0},"branches":{"total":62,"covered":0,"skipped":0,"pct":0}}
,"C:\\Users\\tubbeTEC\\Downloads\\Anamnese-kimi\\anamnese-app\\server\\routes\\chats.ts": {"lines":{"total":8,"covered":0,"skipped":0,"pct":0},"functions":{"total":1,"covered":0,"skipped":0,"pct":0},"statements":{"total":8,"covered":0,"skipped":0,"pct":0},"branches":{"total":0,"covered":0,"skipped":0,"pct":100}}
,"C:\\Users\\tubbeTEC\\Downloads\\Anamnese-kimi\\anamnese-app\\server\\routes\\content.ts": {"lines":{"total":76,"covered":0,"skipped":0,"pct":0},"functions":{"total":6,"covered":0,"skipped":0,"pct":0},"statements":{"total":80,"covered":0,"skipped":0,"pct":0},"branches":{"total":40,"covered":0,"skipped":0,"pct":0}}
,"C:\\Users\\tubbeTEC\\Downloads\\Anamnese-kimi\\anamnese-app\\server\\routes\\cycleManager.ts": {"lines":{"total":122,"covered":0,"skipped":0,"pct":0},"functions":{"total":33,"covered":0,"skipped":0,"pct":0},"statements":{"total":122,"covered":0,"skipped":0,"pct":0},"branches":{"total":8,"covered":0,"skipped":0,"pct":0}}
,"C:\\Users\\tubbeTEC\\Downloads\\Anamnese-kimi\\anamnese-app\\server\\routes\\epa.ts": {"lines":{"total":80,"covered":0,"skipped":0,"pct":0},"functions":{"total":12,"covered":0,"skipped":0,"pct":0},"statements":{"total":83,"covered":0,"skipped":0,"pct":0},"branches":{"total":12,"covered":0,"skipped":0,"pct":0}}
,"C:\\Users\\tubbeTEC\\Downloads\\Anamnese-kimi\\anamnese-app\\server\\routes\\export.ts": {"lines":{"total":102,"covered":7,"skipped":0,"pct":6.86},"functions":{"total":12,"covered":1,"skipped":0,"pct":8.33},"statements":{"total":105,"covered":7,"skipped":0,"pct":6.66},"branches":{"total":58,"covered":1,"skipped":0,"pct":1.72}}
,"C:\\Users\\tubbeTEC\\Downloads\\Anamnese-kimi\\anamnese-app\\server\\routes\\feedback.ts": {"lines":{"total":119,"covered":0,"skipped":0,"pct":0},"functions":{"total":11,"covered":0,"skipped":0,"pct":0},"statements":{"total":131,"covered":0,"skipped":0,"pct":0},"branches":{"total":48,"covered":0,"skipped":0,"pct":0}}
,"C:\\Users\\tubbeTEC\\Downloads\\Anamnese-kimi\\anamnese-app\\server\\routes\\flows.ts": {"lines":{"total":86,"covered":0,"skipped":0,"pct":0},"functions":{"total":9,"covered":0,"skipped":0,"pct":0},"statements":{"total":90,"covered":0,"skipped":0,"pct":0},"branches":{"total":46,"covered":0,"skipped":0,"pct":0}}
,"C:\\Users\\tubbeTEC\\Downloads\\Anamnese-kimi\\anamnese-app\\server\\routes\\forms.ts": {"lines":{"total":50,"covered":0,"skipped":0,"pct":0},"functions":{"total":13,"covered":0,"skipped":0,"pct":0},"statements":{"total":50,"covered":0,"skipped":0,"pct":0},"branches":{"total":8,"covered":0,"skipped":0,"pct":0}}
,"C:\\Users\\tubbeTEC\\Downloads\\Anamnese-kimi\\anamnese-app\\server\\routes\\gamification.ts": {"lines":{"total":56,"covered":0,"skipped":0,"pct":0},"functions":{"total":6,"covered":0,"skipped":0,"pct":0},"statements":{"total":56,"covered":0,"skipped":0,"pct":0},"branches":{"total":22,"covered":0,"skipped":0,"pct":0}}
,"C:\\Users\\tubbeTEC\\Downloads\\Anamnese-kimi\\anamnese-app\\server\\routes\\mfa.ts": {"lines":{"total":27,"covered":0,"skipped":0,"pct":0},"functions":{"total":4,"covered":0,"skipped":0,"pct":0},"statements":{"total":28,"covered":0,"skipped":0,"pct":0},"branches":{"total":2,"covered":0,"skipped":0,"pct":0}}
,"C:\\Users\\tubbeTEC\\Downloads\\Anamnese-kimi\\anamnese-app\\server\\routes\\nfc.ts": {"lines":{"total":53,"covered":0,"skipped":0,"pct":0},"functions":{"total":6,"covered":0,"skipped":0,"pct":0},"statements":{"total":53,"covered":0,"skipped":0,"pct":0},"branches":{"total":18,"covered":0,"skipped":0,"pct":0}}
,"C:\\Users\\tubbeTEC\\Downloads\\Anamnese-kimi\\anamnese-app\\server\\routes\\patients.ts": {"lines":{"total":103,"covered":0,"skipped":0,"pct":0},"functions":{"total":8,"covered":0,"skipped":0,"pct":0},"statements":{"total":104,"covered":0,"skipped":0,"pct":0},"branches":{"total":60,"covered":0,"skipped":0,"pct":0}}
,"C:\\Users\\tubbeTEC\\Downloads\\Anamnese-kimi\\anamnese-app\\server\\routes\\payment.ts": {"lines":{"total":86,"covered":0,"skipped":0,"pct":0},"functions":{"total":8,"covered":0,"skipped":0,"pct":0},"statements":{"total":86,"covered":0,"skipped":0,"pct":0},"branches":{"total":34,"covered":0,"skipped":0,"pct":0}}
,"C:\\Users\\tubbeTEC\\Downloads\\Anamnese-kimi\\anamnese-app\\server\\routes\\payments.ts": {"lines":{"total":14,"covered":0,"skipped":0,"pct":0},"functions":{"total":2,"covered":0,"skipped":0,"pct":0},"statements":{"total":14,"covered":0,"skipped":0,"pct":0},"branches":{"total":4,"covered":0,"skipped":0,"pct":0}}
,"C:\\Users\\tubbeTEC\\Downloads\\Anamnese-kimi\\anamnese-app\\server\\routes\\praxis-chat.ts": {"lines":{"total":68,"covered":0,"skipped":0,"pct":0},"functions":{"total":9,"covered":0,"skipped":0,"pct":0},"statements":{"total":68,"covered":0,"skipped":0,"pct":0},"branches":{"total":12,"covered":0,"skipped":0,"pct":0}}
,"C:\\Users\\tubbeTEC\\Downloads\\Anamnese-kimi\\anamnese-app\\server\\routes\\pvs.ts": {"lines":{"total":212,"covered":0,"skipped":0,"pct":0},"functions":{"total":32,"covered":0,"skipped":0,"pct":0},"statements":{"total":218,"covered":0,"skipped":0,"pct":0},"branches":{"total":78,"covered":0,"skipped":0,"pct":0}}
,"C:\\Users\\tubbeTEC\\Downloads\\Anamnese-kimi\\anamnese-app\\server\\routes\\pwa.ts": {"lines":{"total":374,"covered":0,"skipped":0,"pct":0},"functions":{"total":37,"covered":0,"skipped":0,"pct":0},"statements":{"total":415,"covered":0,"skipped":0,"pct":0},"branches":{"total":204,"covered":0,"skipped":0,"pct":0}}
,"C:\\Users\\tubbeTEC\\Downloads\\Anamnese-kimi\\anamnese-app\\server\\routes\\queue.ts": {"lines":{"total":94,"covered":0,"skipped":0,"pct":0},"functions":{"total":10,"covered":0,"skipped":0,"pct":0},"statements":{"total":95,"covered":0,"skipped":0,"pct":0},"branches":{"total":18,"covered":0,"skipped":0,"pct":0}}
,"C:\\Users\\tubbeTEC\\Downloads\\Anamnese-kimi\\anamnese-app\\server\\routes\\roi.ts": {"lines":{"total":35,"covered":0,"skipped":0,"pct":0},"functions":{"total":5,"covered":0,"skipped":0,"pct":0},"statements":{"total":35,"covered":0,"skipped":0,"pct":0},"branches":{"total":6,"covered":0,"skipped":0,"pct":0}}
,"C:\\Users\\tubbeTEC\\Downloads\\Anamnese-kimi\\anamnese-app\\server\\routes\\sessions.ts": {"lines":{"total":142,"covered":35,"skipped":0,"pct":24.64},"functions":{"total":15,"covered":2,"skipped":0,"pct":13.33},"statements":{"total":142,"covered":35,"skipped":0,"pct":24.64},"branches":{"total":58,"covered":10,"skipped":0,"pct":17.24}}
,"C:\\Users\\tubbeTEC\\Downloads\\Anamnese-kimi\\anamnese-app\\server\\routes\\signatures.ts": {"lines":{"total":46,"covered":0,"skipped":0,"pct":0},"functions":{"total":5,"covered":0,"skipped":0,"pct":0},"statements":{"total":49,"covered":0,"skipped":0,"pct":0},"branches":{"total":33,"covered":0,"skipped":0,"pct":0}}
,"C:\\Users\\tubbeTEC\\Downloads\\Anamnese-kimi\\anamnese-app\\server\\routes\\stripe-webhooks.ts": {"lines":{"total":41,"covered":0,"skipped":0,"pct":0},"functions":{"total":1,"covered":0,"skipped":0,"pct":0},"statements":{"total":41,"covered":0,"skipped":0,"pct":0},"branches":{"total":18,"covered":0,"skipped":0,"pct":0}}
,"C:\\Users\\tubbeTEC\\Downloads\\Anamnese-kimi\\anamnese-app\\server\\routes\\subscriptions.ts": {"lines":{"total":84,"covered":0,"skipped":0,"pct":0},"functions":{"total":9,"covered":0,"skipped":0,"pct":0},"statements":{"total":84,"covered":0,"skipped":0,"pct":0},"branches":{"total":20,"covered":0,"skipped":0,"pct":0}}
,"C:\\Users\\tubbeTEC\\Downloads\\Anamnese-kimi\\anamnese-app\\server\\routes\\system.ts": {"lines":{"total":99,"covered":0,"skipped":0,"pct":0},"functions":{"total":16,"covered":0,"skipped":0,"pct":0},"statements":{"total":104,"covered":0,"skipped":0,"pct":0},"branches":{"total":28,"covered":0,"skipped":0,"pct":0}}
,"C:\\Users\\tubbeTEC\\Downloads\\Anamnese-kimi\\anamnese-app\\server\\routes\\telemedizin.ts": {"lines":{"total":67,"covered":0,"skipped":0,"pct":0},"functions":{"total":10,"covered":0,"skipped":0,"pct":0},"statements":{"total":67,"covered":0,"skipped":0,"pct":0},"branches":{"total":4,"covered":0,"skipped":0,"pct":0}}
,"C:\\Users\\tubbeTEC\\Downloads\\Anamnese-kimi\\anamnese-app\\server\\routes\\theme.routes.ts": {"lines":{"total":90,"covered":0,"skipped":0,"pct":0},"functions":{"total":12,"covered":0,"skipped":0,"pct":0},"statements":{"total":91,"covered":0,"skipped":0,"pct":0},"branches":{"total":30,"covered":0,"skipped":0,"pct":0}}
,"C:\\Users\\tubbeTEC\\Downloads\\Anamnese-kimi\\anamnese-app\\server\\routes\\therapy.ts": {"lines":{"total":323,"covered":0,"skipped":0,"pct":0},"functions":{"total":39,"covered":0,"skipped":0,"pct":0},"statements":{"total":357,"covered":0,"skipped":0,"pct":0},"branches":{"total":169,"covered":0,"skipped":0,"pct":0}}
,"C:\\Users\\tubbeTEC\\Downloads\\Anamnese-kimi\\anamnese-app\\server\\routes\\ti.ts": {"lines":{"total":85,"covered":0,"skipped":0,"pct":0},"functions":{"total":11,"covered":0,"skipped":0,"pct":0},"statements":{"total":90,"covered":0,"skipped":0,"pct":0},"branches":{"total":30,"covered":0,"skipped":0,"pct":0}}
,"C:\\Users\\tubbeTEC\\Downloads\\Anamnese-kimi\\anamnese-app\\server\\routes\\todos.ts": {"lines":{"total":62,"covered":0,"skipped":0,"pct":0},"functions":{"total":4,"covered":0,"skipped":0,"pct":0},"statements":{"total":67,"covered":0,"skipped":0,"pct":0},"branches":{"total":32,"covered":0,"skipped":0,"pct":0}}
,"C:\\Users\\tubbeTEC\\Downloads\\Anamnese-kimi\\anamnese-app\\server\\routes\\upload.ts": {"lines":{"total":35,"covered":0,"skipped":0,"pct":0},"functions":{"total":6,"covered":0,"skipped":0,"pct":0},"statements":{"total":35,"covered":0,"skipped":0,"pct":0},"branches":{"total":8,"covered":0,"skipped":0,"pct":0}}
,"C:\\Users\\tubbeTEC\\Downloads\\Anamnese-kimi\\anamnese-app\\server\\routes\\wunschbox.ts": {"lines":{"total":61,"covered":0,"skipped":0,"pct":0},"functions":{"total":8,"covered":0,"skipped":0,"pct":0},"statements":{"total":63,"covered":0,"skipped":0,"pct":0},"branches":{"total":24,"covered":0,"skipped":0,"pct":0}}
,"C:\\Users\\tubbeTEC\\Downloads\\Anamnese-kimi\\anamnese-app\\server\\scripts\\cleanup.ts": {"lines":{"total":34,"covered":0,"skipped":0,"pct":0},"functions":{"total":5,"covered":0,"skipped":0,"pct":0},"statements":{"total":34,"covered":0,"skipped":0,"pct":0},"branches":{"total":8,"covered":0,"skipped":0,"pct":0}}
,"C:\\Users\\tubbeTEC\\Downloads\\Anamnese-kimi\\anamnese-app\\server\\scripts\\seed-demo.ts": {"lines":{"total":19,"covered":0,"skipped":0,"pct":0},"functions":{"total":3,"covered":0,"skipped":0,"pct":0},"statements":{"total":19,"covered":0,"skipped":0,"pct":0},"branches":{"total":2,"covered":0,"skipped":0,"pct":0}}
,"C:\\Users\\tubbeTEC\\Downloads\\Anamnese-kimi\\anamnese-app\\server\\scripts\\seed-users.ts": {"lines":{"total":9,"covered":0,"skipped":0,"pct":0},"functions":{"total":3,"covered":0,"skipped":0,"pct":0},"statements":{"total":9,"covered":0,"skipped":0,"pct":0},"branches":{"total":0,"covered":0,"skipped":0,"pct":100}}
,"C:\\Users\\tubbeTEC\\Downloads\\Anamnese-kimi\\anamnese-app\\server\\scripts\\test-session-2.ts": {"lines":{"total":6,"covered":0,"skipped":0,"pct":0},"functions":{"total":2,"covered":0,"skipped":0,"pct":0},"statements":{"total":7,"covered":0,"skipped":0,"pct":0},"branches":{"total":2,"covered":0,"skipped":0,"pct":0}}
,"C:\\Users\\tubbeTEC\\Downloads\\Anamnese-kimi\\anamnese-app\\server\\scripts\\test-session.ts": {"lines":{"total":6,"covered":0,"skipped":0,"pct":0},"functions":{"total":2,"covered":0,"skipped":0,"pct":0},"statements":{"total":7,"covered":0,"skipped":0,"pct":0},"branches":{"total":2,"covered":0,"skipped":0,"pct":0}}
,"C:\\Users\\tubbeTEC\\Downloads\\Anamnese-kimi\\anamnese-app\\server\\services\\agentcore.client.ts": {"lines":{"total":47,"covered":0,"skipped":0,"pct":0},"functions":{"total":8,"covered":0,"skipped":0,"pct":0},"statements":{"total":52,"covered":0,"skipped":0,"pct":0},"branches":{"total":26,"covered":0,"skipped":0,"pct":0}}
,"C:\\Users\\tubbeTEC\\Downloads\\Anamnese-kimi\\anamnese-app\\server\\services\\aiService.ts": {"lines":{"total":18,"covered":0,"skipped":0,"pct":0},"functions":{"total":6,"covered":0,"skipped":0,"pct":0},"statements":{"total":25,"covered":0,"skipped":0,"pct":0},"branches":{"total":20,"covered":0,"skipped":0,"pct":0}}
,"C:\\Users\\tubbeTEC\\Downloads\\Anamnese-kimi\\anamnese-app\\server\\services\\anonymization.service.ts": {"lines":{"total":39,"covered":0,"skipped":0,"pct":0},"functions":{"total":8,"covered":0,"skipped":0,"pct":0},"statements":{"total":41,"covered":0,"skipped":0,"pct":0},"branches":{"total":19,"covered":0,"skipped":0,"pct":0}}
,"C:\\Users\\tubbeTEC\\Downloads\\Anamnese-kimi\\anamnese-app\\server\\services\\audit.service.ts": {"lines":{"total":10,"covered":0,"skipped":0,"pct":0},"functions":{"total":5,"covered":0,"skipped":0,"pct":0},"statements":{"total":10,"covered":0,"skipped":0,"pct":0},"branches":{"total":11,"covered":0,"skipped":0,"pct":0}}
,"C:\\Users\\tubbeTEC\\Downloads\\Anamnese-kimi\\anamnese-app\\server\\services\\backup.service.ts": {"lines":{"total":104,"covered":0,"skipped":0,"pct":0},"functions":{"total":15,"covered":0,"skipped":0,"pct":0},"statements":{"total":108,"covered":0,"skipped":0,"pct":0},"branches":{"total":28,"covered":0,"skipped":0,"pct":0}}
,"C:\\Users\\tubbeTEC\\Downloads\\Anamnese-kimi\\anamnese-app\\server\\services\\billing.service.ts": {"lines":{"total":83,"covered":0,"skipped":0,"pct":0},"functions":{"total":30,"covered":0,"skipped":0,"pct":0},"statements":{"total":83,"covered":0,"skipped":0,"pct":0},"branches":{"total":25,"covered":0,"skipped":0,"pct":0}}
,"C:\\Users\\tubbeTEC\\Downloads\\Anamnese-kimi\\anamnese-app\\server\\services\\encryption.ts": {"lines":{"total":26,"covered":24,"skipped":0,"pct":92.3},"functions":{"total":4,"covered":3,"skipped":0,"pct":75},"statements":{"total":26,"covered":24,"skipped":0,"pct":92.3},"branches":{"total":4,"covered":3,"skipped":0,"pct":75}}
,"C:\\Users\\tubbeTEC\\Downloads\\Anamnese-kimi\\anamnese-app\\server\\services\\entertainmentEngine.ts": {"lines":{"total":55,"covered":0,"skipped":0,"pct":0},"functions":{"total":9,"covered":0,"skipped":0,"pct":0},"statements":{"total":61,"covered":0,"skipped":0,"pct":0},"branches":{"total":46,"covered":0,"skipped":0,"pct":0}}
,"C:\\Users\\tubbeTEC\\Downloads\\Anamnese-kimi\\anamnese-app\\server\\services\\messagebroker.service.ts": {"lines":{"total":65,"covered":0,"skipped":0,"pct":0},"functions":{"total":12,"covered":0,"skipped":0,"pct":0},"statements":{"total":71,"covered":0,"skipped":0,"pct":0},"branches":{"total":38,"covered":0,"skipped":0,"pct":0}}
,"C:\\Users\\tubbeTEC\\Downloads\\Anamnese-kimi\\anamnese-app\\server\\services\\paymentService.ts": {"lines":{"total":5,"covered":0,"skipped":0,"pct":0},"functions":{"total":2,"covered":0,"skipped":0,"pct":0},"statements":{"total":7,"covered":0,"skipped":0,"pct":0},"branches":{"total":2,"covered":0,"skipped":0,"pct":0}}
,"C:\\Users\\tubbeTEC\\Downloads\\Anamnese-kimi\\anamnese-app\\server\\services\\queueService.ts": {"lines":{"total":58,"covered":0,"skipped":0,"pct":0},"functions":{"total":20,"covered":0,"skipped":0,"pct":0},"statements":{"total":65,"covered":0,"skipped":0,"pct":0},"branches":{"total":36,"covered":0,"skipped":0,"pct":0}}
,"C:\\Users\\tubbeTEC\\Downloads\\Anamnese-kimi\\anamnese-app\\server\\services\\roiService.ts": {"lines":{"total":68,"covered":0,"skipped":0,"pct":0},"functions":{"total":14,"covered":0,"skipped":0,"pct":0},"statements":{"total":74,"covered":0,"skipped":0,"pct":0},"branches":{"total":20,"covered":0,"skipped":0,"pct":0}}
,"C:\\Users\\tubbeTEC\\Downloads\\Anamnese-kimi\\anamnese-app\\server\\services\\sanitize.ts": {"lines":{"total":19,"covered":15,"skipped":0,"pct":78.94},"functions":{"total":4,"covered":3,"skipped":0,"pct":75},"statements":{"total":21,"covered":17,"skipped":0,"pct":80.95},"branches":{"total":21,"covered":16,"skipped":0,"pct":76.19}}
,"C:\\Users\\tubbeTEC\\Downloads\\Anamnese-kimi\\anamnese-app\\server\\services\\signatureService.ts": {"lines":{"total":12,"covered":0,"skipped":0,"pct":0},"functions":{"total":6,"covered":0,"skipped":0,"pct":0},"statements":{"total":13,"covered":0,"skipped":0,"pct":0},"branches":{"total":6,"covered":0,"skipped":0,"pct":0}}
,"C:\\Users\\tubbeTEC\\Downloads\\Anamnese-kimi\\anamnese-app\\server\\services\\stripeService.ts": {"lines":{"total":45,"covered":0,"skipped":0,"pct":0},"functions":{"total":7,"covered":0,"skipped":0,"pct":0},"statements":{"total":48,"covered":0,"skipped":0,"pct":0},"branches":{"total":31,"covered":0,"skipped":0,"pct":0}}
,"C:\\Users\\tubbeTEC\\Downloads\\Anamnese-kimi\\anamnese-app\\server\\services\\subscription.service.ts": {"lines":{"total":70,"covered":0,"skipped":0,"pct":0},"functions":{"total":11,"covered":0,"skipped":0,"pct":0},"statements":{"total":70,"covered":0,"skipped":0,"pct":0},"branches":{"total":49,"covered":0,"skipped":0,"pct":0}}
,"C:\\Users\\tubbeTEC\\Downloads\\Anamnese-kimi\\anamnese-app\\server\\services\\tenant-context.ts": {"lines":{"total":18,"covered":0,"skipped":0,"pct":0},"functions":{"total":5,"covered":0,"skipped":0,"pct":0},"statements":{"total":18,"covered":0,"skipped":0,"pct":0},"branches":{"total":14,"covered":0,"skipped":0,"pct":0}}
,"C:\\Users\\tubbeTEC\\Downloads\\Anamnese-kimi\\anamnese-app\\server\\services\\wunschboxService.ts": {"lines":{"total":51,"covered":0,"skipped":0,"pct":0},"functions":{"total":15,"covered":0,"skipped":0,"pct":0},"statements":{"total":67,"covered":0,"skipped":0,"pct":0},"branches":{"total":26,"covered":0,"skipped":0,"pct":0}}
,"C:\\Users\\tubbeTEC\\Downloads\\Anamnese-kimi\\anamnese-app\\server\\services\\agent\\agent.service.ts": {"lines":{"total":38,"covered":0,"skipped":0,"pct":0},"functions":{"total":9,"covered":0,"skipped":0,"pct":0},"statements":{"total":40,"covered":0,"skipped":0,"pct":0},"branches":{"total":10,"covered":0,"skipped":0,"pct":0}}
,"C:\\Users\\tubbeTEC\\Downloads\\Anamnese-kimi\\anamnese-app\\server\\services\\agent\\task.queue.ts": {"lines":{"total":45,"covered":0,"skipped":0,"pct":0},"functions":{"total":15,"covered":0,"skipped":0,"pct":0},"statements":{"total":54,"covered":0,"skipped":0,"pct":0},"branches":{"total":20,"covered":0,"skipped":0,"pct":0}}
,"C:\\Users\\tubbeTEC\\Downloads\\Anamnese-kimi\\anamnese-app\\server\\services\\ai\\ai-config.ts": {"lines":{"total":5,"covered":0,"skipped":0,"pct":0},"functions":{"total":3,"covered":0,"skipped":0,"pct":0},"statements":{"total":6,"covered":0,"skipped":0,"pct":0},"branches":{"total":12,"covered":0,"skipped":0,"pct":0}}
,"C:\\Users\\tubbeTEC\\Downloads\\Anamnese-kimi\\anamnese-app\\server\\services\\ai\\ai-engine.service.ts": {"lines":{"total":50,"covered":0,"skipped":0,"pct":0},"functions":{"total":10,"covered":0,"skipped":0,"pct":0},"statements":{"total":50,"covered":0,"skipped":0,"pct":0},"branches":{"total":18,"covered":0,"skipped":0,"pct":0}}
,"C:\\Users\\tubbeTEC\\Downloads\\Anamnese-kimi\\anamnese-app\\server\\services\\ai\\context-aggregator.ts": {"lines":{"total":11,"covered":0,"skipped":0,"pct":0},"functions":{"total":4,"covered":0,"skipped":0,"pct":0},"statements":{"total":11,"covered":0,"skipped":0,"pct":0},"branches":{"total":19,"covered":0,"skipped":0,"pct":0}}
,"C:\\Users\\tubbeTEC\\Downloads\\Anamnese-kimi\\anamnese-app\\server\\services\\ai\\lite-engine.service.ts": {"lines":{"total":22,"covered":0,"skipped":0,"pct":0},"functions":{"total":10,"covered":0,"skipped":0,"pct":0},"statements":{"total":28,"covered":0,"skipped":0,"pct":0},"branches":{"total":10,"covered":0,"skipped":0,"pct":0}}
,"C:\\Users\\tubbeTEC\\Downloads\\Anamnese-kimi\\anamnese-app\\server\\services\\ai\\llm-client.ts": {"lines":{"total":48,"covered":0,"skipped":0,"pct":0},"functions":{"total":11,"covered":0,"skipped":0,"pct":0},"statements":{"total":57,"covered":0,"skipped":0,"pct":0},"branches":{"total":34,"covered":0,"skipped":0,"pct":0}}
,"C:\\Users\\tubbeTEC\\Downloads\\Anamnese-kimi\\anamnese-app\\server\\services\\ai\\prompt-templates.ts": {"lines":{"total":5,"covered":0,"skipped":0,"pct":0},"functions":{"total":1,"covered":0,"skipped":0,"pct":0},"statements":{"total":5,"covered":0,"skipped":0,"pct":0},"branches":{"total":0,"covered":0,"skipped":0,"pct":100}}
,"C:\\Users\\tubbeTEC\\Downloads\\Anamnese-kimi\\anamnese-app\\server\\services\\ai\\response-parser.ts": {"lines":{"total":27,"covered":0,"skipped":0,"pct":0},"functions":{"total":3,"covered":0,"skipped":0,"pct":0},"statements":{"total":33,"covered":0,"skipped":0,"pct":0},"branches":{"total":41,"covered":0,"skipped":0,"pct":0}}
,"C:\\Users\\tubbeTEC\\Downloads\\Anamnese-kimi\\anamnese-app\\server\\services\\avatar\\avatarService.ts": {"lines":{"total":50,"covered":0,"skipped":0,"pct":0},"functions":{"total":14,"covered":0,"skipped":0,"pct":0},"statements":{"total":53,"covered":0,"skipped":0,"pct":0},"branches":{"total":43,"covered":0,"skipped":0,"pct":0}}
,"C:\\Users\\tubbeTEC\\Downloads\\Anamnese-kimi\\anamnese-app\\server\\services\\avatar\\index.ts": {"lines":{"total":0,"covered":0,"skipped":0,"pct":100},"functions":{"total":0,"covered":0,"skipped":0,"pct":100},"statements":{"total":0,"covered":0,"skipped":0,"pct":100},"branches":{"total":0,"covered":0,"skipped":0,"pct":100}}
,"C:\\Users\\tubbeTEC\\Downloads\\Anamnese-kimi\\anamnese-app\\server\\services\\avatar\\types.ts": {"lines":{"total":3,"covered":0,"skipped":0,"pct":0},"functions":{"total":0,"covered":0,"skipped":0,"pct":100},"statements":{"total":3,"covered":0,"skipped":0,"pct":0},"branches":{"total":2,"covered":0,"skipped":0,"pct":0}}
,"C:\\Users\\tubbeTEC\\Downloads\\Anamnese-kimi\\anamnese-app\\server\\services\\cycle-manager\\CycleManager.ts": {"lines":{"total":314,"covered":0,"skipped":0,"pct":0},"functions":{"total":52,"covered":0,"skipped":0,"pct":0},"statements":{"total":334,"covered":0,"skipped":0,"pct":0},"branches":{"total":120,"covered":0,"skipped":0,"pct":0}}
,"C:\\Users\\tubbeTEC\\Downloads\\Anamnese-kimi\\anamnese-app\\server\\services\\cycle-manager\\EnhancedTypes.ts": {"lines":{"total":4,"covered":0,"skipped":0,"pct":0},"functions":{"total":0,"covered":0,"skipped":0,"pct":100},"statements":{"total":4,"covered":0,"skipped":0,"pct":0},"branches":{"total":0,"covered":0,"skipped":0,"pct":100}}
,"C:\\Users\\tubbeTEC\\Downloads\\Anamnese-kimi\\anamnese-app\\server\\services\\cycle-manager\\IntentionEngine.ts": {"lines":{"total":161,"covered":0,"skipped":0,"pct":0},"functions":{"total":34,"covered":0,"skipped":0,"pct":0},"statements":{"total":201,"covered":0,"skipped":0,"pct":0},"branches":{"total":184,"covered":0,"skipped":0,"pct":0}}
,"C:\\Users\\tubbeTEC\\Downloads\\Anamnese-kimi\\anamnese-app\\server\\services\\cycle-manager\\OptimizedConfig.ts": {"lines":{"total":57,"covered":0,"skipped":0,"pct":0},"functions":{"total":1,"covered":0,"skipped":0,"pct":0},"statements":{"total":57,"covered":0,"skipped":0,"pct":0},"branches":{"total":28,"covered":0,"skipped":0,"pct":0}}
,"C:\\Users\\tubbeTEC\\Downloads\\Anamnese-kimi\\anamnese-app\\server\\services\\cycle-manager\\TaggingEngine.ts": {"lines":{"total":199,"covered":0,"skipped":0,"pct":0},"functions":{"total":57,"covered":0,"skipped":0,"pct":0},"statements":{"total":218,"covered":0,"skipped":0,"pct":0},"branches":{"total":103,"covered":0,"skipped":0,"pct":0}}
,"C:\\Users\\tubbeTEC\\Downloads\\Anamnese-kimi\\anamnese-app\\server\\services\\cycle-manager\\TaggingSystem.ts": {"lines":{"total":139,"covered":0,"skipped":0,"pct":0},"functions":{"total":39,"covered":0,"skipped":0,"pct":0},"statements":{"total":155,"covered":0,"skipped":0,"pct":0},"branches":{"total":60,"covered":0,"skipped":0,"pct":0}}
,"C:\\Users\\tubbeTEC\\Downloads\\Anamnese-kimi\\anamnese-app\\server\\services\\cycle-manager\\TwinAgentSystem.ts": {"lines":{"total":127,"covered":0,"skipped":0,"pct":0},"functions":{"total":42,"covered":0,"skipped":0,"pct":0},"statements":{"total":139,"covered":0,"skipped":0,"pct":0},"branches":{"total":101,"covered":0,"skipped":0,"pct":0}}
,"C:\\Users\\tubbeTEC\\Downloads\\Anamnese-kimi\\anamnese-app\\server\\services\\cycle-manager\\index.ts": {"lines":{"total":25,"covered":0,"skipped":0,"pct":0},"functions":{"total":6,"covered":0,"skipped":0,"pct":0},"statements":{"total":25,"covered":0,"skipped":0,"pct":0},"branches":{"total":8,"covered":0,"skipped":0,"pct":0}}
,"C:\\Users\\tubbeTEC\\Downloads\\Anamnese-kimi\\anamnese-app\\server\\services\\cycle-manager\\init.ts": {"lines":{"total":69,"covered":0,"skipped":0,"pct":0},"functions":{"total":14,"covered":0,"skipped":0,"pct":0},"statements":{"total":76,"covered":0,"skipped":0,"pct":0},"branches":{"total":47,"covered":0,"skipped":0,"pct":0}}
,"C:\\Users\\tubbeTEC\\Downloads\\Anamnese-kimi\\anamnese-app\\server\\services\\cycle-manager\\integration.ts": {"lines":{"total":106,"covered":0,"skipped":0,"pct":0},"functions":{"total":39,"covered":0,"skipped":0,"pct":0},"statements":{"total":109,"covered":0,"skipped":0,"pct":0},"branches":{"total":25,"covered":0,"skipped":0,"pct":0}}
,"C:\\Users\\tubbeTEC\\Downloads\\Anamnese-kimi\\anamnese-app\\server\\services\\cycle-manager\\types.ts": {"lines":{"total":5,"covered":0,"skipped":0,"pct":0},"functions":{"total":1,"covered":0,"skipped":0,"pct":0},"statements":{"total":9,"covered":0,"skipped":0,"pct":0},"branches":{"total":8,"covered":0,"skipped":0,"pct":0}}
,"C:\\Users\\tubbeTEC\\Downloads\\Anamnese-kimi\\anamnese-app\\server\\services\\epa\\epaService.ts": {"lines":{"total":39,"covered":0,"skipped":0,"pct":0},"functions":{"total":12,"covered":0,"skipped":0,"pct":0},"statements":{"total":47,"covered":0,"skipped":0,"pct":0},"branches":{"total":18,"covered":0,"skipped":0,"pct":0}}
,"C:\\Users\\tubbeTEC\\Downloads\\Anamnese-kimi\\anamnese-app\\server\\services\\epa\\index.ts": {"lines":{"total":0,"covered":0,"skipped":0,"pct":100},"functions":{"total":0,"covered":0,"skipped":0,"pct":100},"statements":{"total":0,"covered":0,"skipped":0,"pct":100},"branches":{"total":0,"covered":0,"skipped":0,"pct":100}}
,"C:\\Users\\tubbeTEC\\Downloads\\Anamnese-kimi\\anamnese-app\\server\\services\\epa\\types.ts": {"lines":{"total":0,"covered":0,"skipped":0,"pct":100},"functions":{"total":0,"covered":0,"skipped":0,"pct":100},"statements":{"total":0,"covered":0,"skipped":0,"pct":100},"branches":{"total":0,"covered":0,"skipped":0,"pct":100}}
,"C:\\Users\\tubbeTEC\\Downloads\\Anamnese-kimi\\anamnese-app\\server\\services\\forms\\formService.ts": {"lines":{"total":33,"covered":0,"skipped":0,"pct":0},"functions":{"total":11,"covered":0,"skipped":0,"pct":0},"statements":{"total":40,"covered":0,"skipped":0,"pct":0},"branches":{"total":28,"covered":0,"skipped":0,"pct":0}}
,"C:\\Users\\tubbeTEC\\Downloads\\Anamnese-kimi\\anamnese-app\\server\\services\\forms\\index.ts": {"lines":{"total":0,"covered":0,"skipped":0,"pct":100},"functions":{"total":0,"covered":0,"skipped":0,"pct":100},"statements":{"total":0,"covered":0,"skipped":0,"pct":100},"branches":{"total":0,"covered":0,"skipped":0,"pct":100}}
,"C:\\Users\\tubbeTEC\\Downloads\\Anamnese-kimi\\anamnese-app\\server\\services\\forms\\types.ts": {"lines":{"total":0,"covered":0,"skipped":0,"pct":100},"functions":{"total":0,"covered":0,"skipped":0,"pct":100},"statements":{"total":0,"covered":0,"skipped":0,"pct":100},"branches":{"total":0,"covered":0,"skipped":0,"pct":100}}
,"C:\\Users\\tubbeTEC\\Downloads\\Anamnese-kimi\\anamnese-app\\server\\services\\gamification\\gamificationService.ts": {"lines":{"total":44,"covered":0,"skipped":0,"pct":0},"functions":{"total":7,"covered":0,"skipped":0,"pct":0},"statements":{"total":45,"covered":0,"skipped":0,"pct":0},"branches":{"total":28,"covered":0,"skipped":0,"pct":0}}
,"C:\\Users\\tubbeTEC\\Downloads\\Anamnese-kimi\\anamnese-app\\server\\services\\gamification\\index.ts": {"lines":{"total":0,"covered":0,"skipped":0,"pct":100},"functions":{"total":0,"covered":0,"skipped":0,"pct":100},"statements":{"total":0,"covered":0,"skipped":0,"pct":100},"branches":{"total":0,"covered":0,"skipped":0,"pct":100}}
,"C:\\Users\\tubbeTEC\\Downloads\\Anamnese-kimi\\anamnese-app\\server\\services\\gamification\\types.ts": {"lines":{"total":1,"covered":0,"skipped":0,"pct":0},"functions":{"total":0,"covered":0,"skipped":0,"pct":100},"statements":{"total":1,"covered":0,"skipped":0,"pct":0},"branches":{"total":0,"covered":0,"skipped":0,"pct":100}}
,"C:\\Users\\tubbeTEC\\Downloads\\Anamnese-kimi\\anamnese-app\\server\\services\\nfc\\flowService.ts": {"lines":{"total":32,"covered":0,"skipped":0,"pct":0},"functions":{"total":10,"covered":0,"skipped":0,"pct":0},"statements":{"total":38,"covered":0,"skipped":0,"pct":0},"branches":{"total":27,"covered":0,"skipped":0,"pct":0}}
,"C:\\Users\\tubbeTEC\\Downloads\\Anamnese-kimi\\anamnese-app\\server\\services\\nfc\\index.ts": {"lines":{"total":0,"covered":0,"skipped":0,"pct":100},"functions":{"total":0,"covered":0,"skipped":0,"pct":100},"statements":{"total":0,"covered":0,"skipped":0,"pct":100},"branches":{"total":0,"covered":0,"skipped":0,"pct":100}}
,"C:\\Users\\tubbeTEC\\Downloads\\Anamnese-kimi\\anamnese-app\\server\\services\\nfc\\nfcService.ts": {"lines":{"total":42,"covered":0,"skipped":0,"pct":0},"functions":{"total":10,"covered":0,"skipped":0,"pct":0},"statements":{"total":44,"covered":0,"skipped":0,"pct":0},"branches":{"total":35,"covered":0,"skipped":0,"pct":0}}
,"C:\\Users\\tubbeTEC\\Downloads\\Anamnese-kimi\\anamnese-app\\server\\services\\nfc\\types.ts": {"lines":{"total":3,"covered":0,"skipped":0,"pct":0},"functions":{"total":0,"covered":0,"skipped":0,"pct":100},"statements":{"total":3,"covered":0,"skipped":0,"pct":0},"branches":{"total":0,"covered":0,"skipped":0,"pct":100}}
,"C:\\Users\\tubbeTEC\\Downloads\\Anamnese-kimi\\anamnese-app\\server\\services\\payment\\index.ts": {"lines":{"total":0,"covered":0,"skipped":0,"pct":100},"functions":{"total":0,"covered":0,"skipped":0,"pct":100},"statements":{"total":0,"covered":0,"skipped":0,"pct":100},"branches":{"total":0,"covered":0,"skipped":0,"pct":100}}
,"C:\\Users\\tubbeTEC\\Downloads\\Anamnese-kimi\\anamnese-app\\server\\services\\payment\\paymentService.ts": {"lines":{"total":64,"covered":0,"skipped":0,"pct":0},"functions":{"total":15,"covered":0,"skipped":0,"pct":0},"statements":{"total":73,"covered":0,"skipped":0,"pct":0},"branches":{"total":38,"covered":0,"skipped":0,"pct":0}}
,"C:\\Users\\tubbeTEC\\Downloads\\Anamnese-kimi\\anamnese-app\\server\\services\\payment\\types.ts": {"lines":{"total":4,"covered":0,"skipped":0,"pct":0},"functions":{"total":0,"covered":0,"skipped":0,"pct":100},"statements":{"total":4,"covered":0,"skipped":0,"pct":0},"branches":{"total":0,"covered":0,"skipped":0,"pct":100}}
,"C:\\Users\\tubbeTEC\\Downloads\\Anamnese-kimi\\anamnese-app\\server\\services\\praxis-chat\\chatService.ts": {"lines":{"total":53,"covered":0,"skipped":0,"pct":0},"functions":{"total":16,"covered":0,"skipped":0,"pct":0},"statements":{"total":55,"covered":0,"skipped":0,"pct":0},"branches":{"total":25,"covered":0,"skipped":0,"pct":0}}
,"C:\\Users\\tubbeTEC\\Downloads\\Anamnese-kimi\\anamnese-app\\server\\services\\praxis-chat\\index.ts": {"lines":{"total":0,"covered":0,"skipped":0,"pct":100},"functions":{"total":0,"covered":0,"skipped":0,"pct":100},"statements":{"total":0,"covered":0,"skipped":0,"pct":100},"branches":{"total":0,"covered":0,"skipped":0,"pct":100}}
,"C:\\Users\\tubbeTEC\\Downloads\\Anamnese-kimi\\anamnese-app\\server\\services\\praxis-chat\\types.ts": {"lines":{"total":1,"covered":0,"skipped":0,"pct":0},"functions":{"total":0,"covered":0,"skipped":0,"pct":100},"statements":{"total":1,"covered":0,"skipped":0,"pct":0},"branches":{"total":0,"covered":0,"skipped":0,"pct":100}}
,"C:\\Users\\tubbeTEC\\Downloads\\Anamnese-kimi\\anamnese-app\\server\\services\\pvs\\index.ts": {"lines":{"total":0,"covered":0,"skipped":0,"pct":100},"functions":{"total":0,"covered":0,"skipped":0,"pct":100},"statements":{"total":0,"covered":0,"skipped":0,"pct":100},"branches":{"total":0,"covered":0,"skipped":0,"pct":100}}
,"C:\\Users\\tubbeTEC\\Downloads\\Anamnese-kimi\\anamnese-app\\server\\services\\pvs\\mapping-engine.ts": {"lines":{"total":56,"covered":0,"skipped":0,"pct":0},"functions":{"total":4,"covered":0,"skipped":0,"pct":0},"statements":{"total":57,"covered":0,"skipped":0,"pct":0},"branches":{"total":35,"covered":0,"skipped":0,"pct":0}}
,"C:\\Users\\tubbeTEC\\Downloads\\Anamnese-kimi\\anamnese-app\\server\\services\\pvs\\pvs-integration.service.ts": {"lines":{"total":61,"covered":0,"skipped":0,"pct":0},"functions":{"total":16,"covered":0,"skipped":0,"pct":0},"statements":{"total":65,"covered":0,"skipped":0,"pct":0},"branches":{"total":34,"covered":0,"skipped":0,"pct":0}}
,"C:\\Users\\tubbeTEC\\Downloads\\Anamnese-kimi\\anamnese-app\\server\\services\\pvs\\pvs-router.service.ts": {"lines":{"total":27,"covered":0,"skipped":0,"pct":0},"functions":{"total":6,"covered":0,"skipped":0,"pct":0},"statements":{"total":28,"covered":0,"skipped":0,"pct":0},"branches":{"total":8,"covered":0,"skipped":0,"pct":0}}
,"C:\\Users\\tubbeTEC\\Downloads\\Anamnese-kimi\\anamnese-app\\server\\services\\pvs\\types.ts": {"lines":{"total":0,"covered":0,"skipped":0,"pct":100},"functions":{"total":0,"covered":0,"skipped":0,"pct":100},"statements":{"total":0,"covered":0,"skipped":0,"pct":100},"branches":{"total":0,"covered":0,"skipped":0,"pct":100}}
,"C:\\Users\\tubbeTEC\\Downloads\\Anamnese-kimi\\anamnese-app\\server\\services\\pvs\\adapters\\cgm-m1.adapter.ts": {"lines":{"total":70,"covered":0,"skipped":0,"pct":0},"functions":{"total":11,"covered":0,"skipped":0,"pct":0},"statements":{"total":73,"covered":0,"skipped":0,"pct":0},"branches":{"total":42,"covered":0,"skipped":0,"pct":0}}
,"C:\\Users\\tubbeTEC\\Downloads\\Anamnese-kimi\\anamnese-app\\server\\services\\pvs\\adapters\\fhir-generic.adapter.ts": {"lines":{"total":46,"covered":0,"skipped":0,"pct":0},"functions":{"total":10,"covered":0,"skipped":0,"pct":0},"statements":{"total":52,"covered":0,"skipped":0,"pct":0},"branches":{"total":40,"covered":0,"skipped":0,"pct":0}}
,"C:\\Users\\tubbeTEC\\Downloads\\Anamnese-kimi\\anamnese-app\\server\\services\\pvs\\fhir\\fhir-client.ts": {"lines":{"total":62,"covered":0,"skipped":0,"pct":0},"functions":{"total":15,"covered":0,"skipped":0,"pct":0},"statements":{"total":69,"covered":0,"skipped":0,"pct":0},"branches":{"total":39,"covered":0,"skipped":0,"pct":0}}
,"C:\\Users\\tubbeTEC\\Downloads\\Anamnese-kimi\\anamnese-app\\server\\services\\pvs\\fhir\\fhir-mapper.ts": {"lines":{"total":50,"covered":0,"skipped":0,"pct":0},"functions":{"total":9,"covered":0,"skipped":0,"pct":0},"statements":{"total":52,"covered":0,"skipped":0,"pct":0},"branches":{"total":56,"covered":0,"skipped":0,"pct":0}}
,"C:\\Users\\tubbeTEC\\Downloads\\Anamnese-kimi\\anamnese-app\\server\\services\\pvs\\fhir\\fhir-profiles.ts": {"lines":{"total":50,"covered":0,"skipped":0,"pct":0},"functions":{"total":4,"covered":0,"skipped":0,"pct":0},"statements":{"total":52,"covered":0,"skipped":0,"pct":0},"branches":{"total":53,"covered":0,"skipped":0,"pct":0}}
,"C:\\Users\\tubbeTEC\\Downloads\\Anamnese-kimi\\anamnese-app\\server\\services\\pvs\\gdt\\gdt-constants.ts": {"lines":{"total":6,"covered":0,"skipped":0,"pct":0},"functions":{"total":0,"covered":0,"skipped":0,"pct":100},"statements":{"total":6,"covered":0,"skipped":0,"pct":0},"branches":{"total":0,"covered":0,"skipped":0,"pct":100}}
,"C:\\Users\\tubbeTEC\\Downloads\\Anamnese-kimi\\anamnese-app\\server\\services\\pvs\\gdt\\gdt-parser.ts": {"lines":{"total":38,"covered":0,"skipped":0,"pct":0},"functions":{"total":4,"covered":0,"skipped":0,"pct":0},"statements":{"total":47,"covered":0,"skipped":0,"pct":0},"branches":{"total":42,"covered":0,"skipped":0,"pct":0}}
,"C:\\Users\\tubbeTEC\\Downloads\\Anamnese-kimi\\anamnese-app\\server\\services\\pvs\\gdt\\gdt-validator.ts": {"lines":{"total":39,"covered":0,"skipped":0,"pct":0},"functions":{"total":3,"covered":0,"skipped":0,"pct":0},"statements":{"total":41,"covered":0,"skipped":0,"pct":0},"branches":{"total":28,"covered":0,"skipped":0,"pct":0}}
,"C:\\Users\\tubbeTEC\\Downloads\\Anamnese-kimi\\anamnese-app\\server\\services\\pvs\\gdt\\gdt-watcher.ts": {"lines":{"total":28,"covered":0,"skipped":0,"pct":0},"functions":{"total":8,"covered":0,"skipped":0,"pct":0},"statements":{"total":29,"covered":0,"skipped":0,"pct":0},"branches":{"total":10,"covered":0,"skipped":0,"pct":0}}
,"C:\\Users\\tubbeTEC\\Downloads\\Anamnese-kimi\\anamnese-app\\server\\services\\pvs\\gdt\\gdt-writer.ts": {"lines":{"total":84,"covered":0,"skipped":0,"pct":0},"functions":{"total":7,"covered":0,"skipped":0,"pct":0},"statements":{"total":90,"covered":0,"skipped":0,"pct":0},"branches":{"total":34,"covered":0,"skipped":0,"pct":0}}
,"C:\\Users\\tubbeTEC\\Downloads\\Anamnese-kimi\\anamnese-app\\server\\services\\pwa\\auth.service.ts": {"lines":{"total":151,"covered":0,"skipped":0,"pct":0},"functions":{"total":22,"covered":0,"skipped":0,"pct":0},"statements":{"total":155,"covered":0,"skipped":0,"pct":0},"branches":{"total":92,"covered":0,"skipped":0,"pct":0}}
,"C:\\Users\\tubbeTEC\\Downloads\\Anamnese-kimi\\anamnese-app\\server\\services\\pwa\\diary.service.ts": {"lines":{"total":119,"covered":0,"skipped":0,"pct":0},"functions":{"total":13,"covered":0,"skipped":0,"pct":0},"statements":{"total":130,"covered":0,"skipped":0,"pct":0},"branches":{"total":132,"covered":0,"skipped":0,"pct":0}}
,"C:\\Users\\tubbeTEC\\Downloads\\Anamnese-kimi\\anamnese-app\\server\\services\\pwa\\index.ts": {"lines":{"total":0,"covered":0,"skipped":0,"pct":100},"functions":{"total":0,"covered":0,"skipped":0,"pct":100},"statements":{"total":0,"covered":0,"skipped":0,"pct":100},"branches":{"total":0,"covered":0,"skipped":0,"pct":100}}
,"C:\\Users\\tubbeTEC\\Downloads\\Anamnese-kimi\\anamnese-app\\server\\services\\pwa\\push.service.ts": {"lines":{"total":35,"covered":0,"skipped":0,"pct":0},"functions":{"total":7,"covered":0,"skipped":0,"pct":0},"statements":{"total":35,"covered":0,"skipped":0,"pct":0},"branches":{"total":27,"covered":0,"skipped":0,"pct":0}}
,"C:\\Users\\tubbeTEC\\Downloads\\Anamnese-kimi\\anamnese-app\\server\\services\\pwa\\reminder.service.ts": {"lines":{"total":85,"covered":0,"skipped":0,"pct":0},"functions":{"total":15,"covered":0,"skipped":0,"pct":0},"statements":{"total":93,"covered":0,"skipped":0,"pct":0},"branches":{"total":79,"covered":0,"skipped":0,"pct":0}}
,"C:\\Users\\tubbeTEC\\Downloads\\Anamnese-kimi\\anamnese-app\\server\\services\\pwa\\sync.service.ts": {"lines":{"total":40,"covered":0,"skipped":0,"pct":0},"functions":{"total":4,"covered":0,"skipped":0,"pct":0},"statements":{"total":40,"covered":0,"skipped":0,"pct":0},"branches":{"total":40,"covered":0,"skipped":0,"pct":0}}
,"C:\\Users\\tubbeTEC\\Downloads\\Anamnese-kimi\\anamnese-app\\server\\services\\pwa\\types.ts": {"lines":{"total":0,"covered":0,"skipped":0,"pct":100},"functions":{"total":0,"covered":0,"skipped":0,"pct":100},"statements":{"total":0,"covered":0,"skipped":0,"pct":100},"branches":{"total":0,"covered":0,"skipped":0,"pct":100}}
,"C:\\Users\\tubbeTEC\\Downloads\\Anamnese-kimi\\anamnese-app\\server\\services\\system\\backupService.ts": {"lines":{"total":103,"covered":0,"skipped":0,"pct":0},"functions":{"total":14,"covered":0,"skipped":0,"pct":0},"statements":{"total":115,"covered":0,"skipped":0,"pct":0},"branches":{"total":73,"covered":0,"skipped":0,"pct":0}}
,"C:\\Users\\tubbeTEC\\Downloads\\Anamnese-kimi\\anamnese-app\\server\\services\\system\\deploymentManager.ts": {"lines":{"total":32,"covered":0,"skipped":0,"pct":0},"functions":{"total":10,"covered":0,"skipped":0,"pct":0},"statements":{"total":44,"covered":0,"skipped":0,"pct":0},"branches":{"total":46,"covered":0,"skipped":0,"pct":0}}
,"C:\\Users\\tubbeTEC\\Downloads\\Anamnese-kimi\\anamnese-app\\server\\services\\system\\index.ts": {"lines":{"total":0,"covered":0,"skipped":0,"pct":100},"functions":{"total":0,"covered":0,"skipped":0,"pct":100},"statements":{"total":0,"covered":0,"skipped":0,"pct":100},"branches":{"total":0,"covered":0,"skipped":0,"pct":100}}
,"C:\\Users\\tubbeTEC\\Downloads\\Anamnese-kimi\\anamnese-app\\server\\services\\system\\networkMonitor.ts": {"lines":{"total":57,"covered":0,"skipped":0,"pct":0},"functions":{"total":13,"covered":0,"skipped":0,"pct":0},"statements":{"total":64,"covered":0,"skipped":0,"pct":0},"branches":{"total":23,"covered":0,"skipped":0,"pct":0}}
,"C:\\Users\\tubbeTEC\\Downloads\\Anamnese-kimi\\anamnese-app\\server\\services\\system\\types.ts": {"lines":{"total":0,"covered":0,"skipped":0,"pct":100},"functions":{"total":0,"covered":0,"skipped":0,"pct":100},"statements":{"total":0,"covered":0,"skipped":0,"pct":100},"branches":{"total":0,"covered":0,"skipped":0,"pct":100}}
,"C:\\Users\\tubbeTEC\\Downloads\\Anamnese-kimi\\anamnese-app\\server\\services\\telemedizin\\index.ts": {"lines":{"total":0,"covered":0,"skipped":0,"pct":100},"functions":{"total":0,"covered":0,"skipped":0,"pct":100},"statements":{"total":0,"covered":0,"skipped":0,"pct":100},"branches":{"total":0,"covered":0,"skipped":0,"pct":100}}
,"C:\\Users\\tubbeTEC\\Downloads\\Anamnese-kimi\\anamnese-app\\server\\services\\telemedizin\\telemedizinService.ts": {"lines":{"total":76,"covered":0,"skipped":0,"pct":0},"functions":{"total":20,"covered":0,"skipped":0,"pct":0},"statements":{"total":87,"covered":0,"skipped":0,"pct":0},"branches":{"total":65,"covered":0,"skipped":0,"pct":0}}
,"C:\\Users\\tubbeTEC\\Downloads\\Anamnese-kimi\\anamnese-app\\server\\services\\telemedizin\\types.ts": {"lines":{"total":3,"covered":0,"skipped":0,"pct":0},"functions":{"total":0,"covered":0,"skipped":0,"pct":100},"statements":{"total":3,"covered":0,"skipped":0,"pct":0},"branches":{"total":0,"covered":0,"skipped":0,"pct":100}}
,"C:\\Users\\tubbeTEC\\Downloads\\Anamnese-kimi\\anamnese-app\\server\\services\\theme\\theme.service.ts": {"lines":{"total":80,"covered":0,"skipped":0,"pct":0},"functions":{"total":17,"covered":0,"skipped":0,"pct":0},"statements":{"total":83,"covered":0,"skipped":0,"pct":0},"branches":{"total":96,"covered":0,"skipped":0,"pct":0}}
,"C:\\Users\\tubbeTEC\\Downloads\\Anamnese-kimi\\anamnese-app\\server\\services\\therapy\\alert-engine.service.ts": {"lines":{"total":37,"covered":0,"skipped":0,"pct":0},"functions":{"total":6,"covered":0,"skipped":0,"pct":0},"statements":{"total":41,"covered":0,"skipped":0,"pct":0},"branches":{"total":18,"covered":0,"skipped":0,"pct":0}}
,"C:\\Users\\tubbeTEC\\Downloads\\Anamnese-kimi\\anamnese-app\\server\\services\\therapy\\alert-rules.ts": {"lines":{"total":35,"covered":0,"skipped":0,"pct":0},"functions":{"total":5,"covered":0,"skipped":0,"pct":0},"statements":{"total":40,"covered":0,"skipped":0,"pct":0},"branches":{"total":32,"covered":0,"skipped":0,"pct":0}}
,"C:\\Users\\tubbeTEC\\Downloads\\Anamnese-kimi\\anamnese-app\\server\\services\\therapy\\anon.service.ts": {"lines":{"total":31,"covered":0,"skipped":0,"pct":0},"functions":{"total":5,"covered":0,"skipped":0,"pct":0},"statements":{"total":32,"covered":0,"skipped":0,"pct":0},"branches":{"total":15,"covered":0,"skipped":0,"pct":0}}
,"C:\\Users\\tubbeTEC\\Downloads\\Anamnese-kimi\\anamnese-app\\server\\services\\therapy\\index.ts": {"lines":{"total":0,"covered":0,"skipped":0,"pct":100},"functions":{"total":0,"covered":0,"skipped":0,"pct":100},"statements":{"total":0,"covered":0,"skipped":0,"pct":100},"branches":{"total":0,"covered":0,"skipped":0,"pct":100}}
,"C:\\Users\\tubbeTEC\\Downloads\\Anamnese-kimi\\anamnese-app\\server\\services\\therapy\\types.ts": {"lines":{"total":0,"covered":0,"skipped":0,"pct":100},"functions":{"total":0,"covered":0,"skipped":0,"pct":100},"statements":{"total":0,"covered":0,"skipped":0,"pct":100},"branches":{"total":0,"covered":0,"skipped":0,"pct":100}}
,"C:\\Users\\tubbeTEC\\Downloads\\Anamnese-kimi\\anamnese-app\\server\\services\\ti\\index.ts": {"lines":{"total":0,"covered":0,"skipped":0,"pct":100},"functions":{"total":0,"covered":0,"skipped":0,"pct":100},"statements":{"total":0,"covered":0,"skipped":0,"pct":100},"branches":{"total":0,"covered":0,"skipped":0,"pct":100}}
,"C:\\Users\\tubbeTEC\\Downloads\\Anamnese-kimi\\anamnese-app\\server\\services\\ti\\kimClient.ts": {"lines":{"total":69,"covered":0,"skipped":0,"pct":0},"functions":{"total":16,"covered":0,"skipped":0,"pct":0},"statements":{"total":81,"covered":0,"skipped":0,"pct":0},"branches":{"total":119,"covered":0,"skipped":0,"pct":0}}
,"C:\\Users\\tubbeTEC\\Downloads\\Anamnese-kimi\\anamnese-app\\server\\services\\ti\\konnektorClient.ts": {"lines":{"total":139,"covered":0,"skipped":0,"pct":0},"functions":{"total":23,"covered":0,"skipped":0,"pct":0},"statements":{"total":155,"covered":0,"skipped":0,"pct":0},"branches":{"total":165,"covered":0,"skipped":0,"pct":0}}
,"C:\\Users\\tubbeTEC\\Downloads\\Anamnese-kimi\\anamnese-app\\server\\services\\ti\\types.ts": {"lines":{"total":0,"covered":0,"skipped":0,"pct":100},"functions":{"total":0,"covered":0,"skipped":0,"pct":100},"statements":{"total":0,"covered":0,"skipped":0,"pct":100},"branches":{"total":0,"covered":0,"skipped":0,"pct":100}}
,"C:\\Users\\tubbeTEC\\Downloads\\Anamnese-kimi\\anamnese-app\\server\\types\\node-soap.d.ts": {"lines":{"total":0,"covered":0,"skipped":0,"pct":100},"functions":{"total":0,"covered":0,"skipped":0,"pct":100},"statements":{"total":0,"covered":0,"skipped":0,"pct":100},"branches":{"total":0,"covered":0,"skipped":0,"pct":100}}
,"C:\\Users\\tubbeTEC\\Downloads\\Anamnese-kimi\\anamnese-app\\src\\i18n.ts": {"lines":{"total":1,"covered":0,"skipped":0,"pct":0},"functions":{"total":0,"covered":0,"skipped":0,"pct":100},"statements":{"total":1,"covered":0,"skipped":0,"pct":0},"branches":{"total":0,"covered":0,"skipped":0,"pct":100}}
,"C:\\Users\\tubbeTEC\\Downloads\\Anamnese-kimi\\anamnese-app\\src\\vite-env.d.ts": {"lines":{"total":0,"covered":0,"skipped":0,"pct":100},"functions":{"total":0,"covered":0,"skipped":0,"pct":100},"statements":{"total":0,"covered":0,"skipped":0,"pct":100},"branches":{"total":0,"covered":0,"skipped":0,"pct":100}}
,"C:\\Users\\tubbeTEC\\Downloads\\Anamnese-kimi\\anamnese-app\\src\\api\\client.ts": {"lines":{"total":1135,"covered":0,"skipped":0,"pct":0},"functions":{"total":327,"covered":0,"skipped":0,"pct":0},"statements":{"total":1388,"covered":0,"skipped":0,"pct":0},"branches":{"total":812,"covered":0,"skipped":0,"pct":0}}
,"C:\\Users\\tubbeTEC\\Downloads\\Anamnese-kimi\\anamnese-app\\src\\components\\AnamneseGame.tsx": {"lines":{"total":69,"covered":0,"skipped":0,"pct":0},"functions":{"total":38,"covered":0,"skipped":0,"pct":0},"statements":{"total":86,"covered":0,"skipped":0,"pct":0},"branches":{"total":78,"covered":0,"skipped":0,"pct":0}}
,"C:\\Users\\tubbeTEC\\Downloads\\Anamnese-kimi\\anamnese-app\\src\\components\\AnswerSummary.tsx": {"lines":{"total":19,"covered":0,"skipped":0,"pct":0},"functions":{"total":8,"covered":0,"skipped":0,"pct":0},"statements":{"total":26,"covered":0,"skipped":0,"pct":0},"branches":{"total":15,"covered":0,"skipped":0,"pct":0}}
,"C:\\Users\\tubbeTEC\\Downloads\\Anamnese-kimi\\anamnese-app\\src\\components\\AutoSaveIndicator.tsx": {"lines":{"total":22,"covered":0,"skipped":0,"pct":0},"functions":{"total":9,"covered":0,"skipped":0,"pct":0},"statements":{"total":26,"covered":0,"skipped":0,"pct":0},"branches":{"total":20,"covered":0,"skipped":0,"pct":0}}
,"C:\\Users\\tubbeTEC\\Downloads\\Anamnese-kimi\\anamnese-app\\src\\components\\Celebrations.tsx": {"lines":{"total":31,"covered":0,"skipped":0,"pct":0},"functions":{"total":12,"covered":0,"skipped":0,"pct":0},"statements":{"total":41,"covered":0,"skipped":0,"pct":0},"branches":{"total":18,"covered":0,"skipped":0,"pct":0}}
,"C:\\Users\\tubbeTEC\\Downloads\\Anamnese-kimi\\anamnese-app\\src\\components\\CertificationModal.tsx": {"lines":{"total":38,"covered":0,"skipped":0,"pct":0},"functions":{"total":7,"covered":0,"skipped":0,"pct":0},"statements":{"total":39,"covered":0,"skipped":0,"pct":0},"branches":{"total":50,"covered":0,"skipped":0,"pct":0}}
,"C:\\Users\\tubbeTEC\\Downloads\\Anamnese-kimi\\anamnese-app\\src\\components\\ChatBubble.tsx": {"lines":{"total":97,"covered":0,"skipped":0,"pct":0},"functions":{"total":31,"covered":0,"skipped":0,"pct":0},"statements":{"total":112,"covered":0,"skipped":0,"pct":0},"branches":{"total":86,"covered":0,"skipped":0,"pct":0}}
,"C:\\Users\\tubbeTEC\\Downloads\\Anamnese-kimi\\anamnese-app\\src\\components\\ChunkedQuestionnaire.tsx": {"lines":{"total":78,"covered":0,"skipped":0,"pct":0},"functions":{"total":26,"covered":0,"skipped":0,"pct":0},"statements":{"total":85,"covered":0,"skipped":0,"pct":0},"branches":{"total":61,"covered":0,"skipped":0,"pct":0}}
,"C:\\Users\\tubbeTEC\\Downloads\\Anamnese-kimi\\anamnese-app\\src\\components\\CookieConsent.tsx": {"lines":{"total":36,"covered":0,"skipped":0,"pct":0},"functions":{"total":15,"covered":0,"skipped":0,"pct":0},"statements":{"total":44,"covered":0,"skipped":0,"pct":0},"branches":{"total":24,"covered":0,"skipped":0,"pct":0}}
,"C:\\Users\\tubbeTEC\\Downloads\\Anamnese-kimi\\anamnese-app\\src\\components\\DSGVOConsent.tsx": {"lines":{"total":13,"covered":0,"skipped":0,"pct":0},"functions":{"total":10,"covered":0,"skipped":0,"pct":0},"statements":{"total":16,"covered":0,"skipped":0,"pct":0},"branches":{"total":17,"covered":0,"skipped":0,"pct":0}}
,"C:\\Users\\tubbeTEC\\Downloads\\Anamnese-kimi\\anamnese-app\\src\\components\\DatenschutzGame.tsx": {"lines":{"total":66,"covered":0,"skipped":0,"pct":0},"functions":{"total":28,"covered":0,"skipped":0,"pct":0},"statements":{"total":77,"covered":0,"skipped":0,"pct":0},"branches":{"total":84,"covered":0,"skipped":0,"pct":0}}
,"C:\\Users\\tubbeTEC\\Downloads\\Anamnese-kimi\\anamnese-app\\src\\components\\ErrorBoundary.tsx": {"lines":{"total":9,"covered":0,"skipped":0,"pct":0},"functions":{"total":5,"covered":0,"skipped":0,"pct":0},"statements":{"total":9,"covered":0,"skipped":0,"pct":0},"branches":{"total":5,"covered":0,"skipped":0,"pct":0}}
,"C:\\Users\\tubbeTEC\\Downloads\\Anamnese-kimi\\anamnese-app\\src\\components\\FontSizeControl.tsx": {"lines":{"total":19,"covered":0,"skipped":0,"pct":0},"functions":{"total":8,"covered":0,"skipped":0,"pct":0},"statements":{"total":24,"covered":0,"skipped":0,"pct":0},"branches":{"total":4,"covered":0,"skipped":0,"pct":0}}
,"C:\\Users\\tubbeTEC\\Downloads\\Anamnese-kimi\\anamnese-app\\src\\components\\FullscreenButton.tsx": {"lines":{"total":2,"covered":0,"skipped":0,"pct":0},"functions":{"total":1,"covered":0,"skipped":0,"pct":0},"statements":{"total":2,"covered":0,"skipped":0,"pct":0},"branches":{"total":8,"covered":0,"skipped":0,"pct":0}}
,"C:\\Users\\tubbeTEC\\Downloads\\Anamnese-kimi\\anamnese-app\\src\\components\\HistorySidebar.tsx": {"lines":{"total":18,"covered":0,"skipped":0,"pct":0},"functions":{"total":6,"covered":0,"skipped":0,"pct":0},"statements":{"total":24,"covered":0,"skipped":0,"pct":0},"branches":{"total":39,"covered":0,"skipped":0,"pct":0}}
,"C:\\Users\\tubbeTEC\\Downloads\\Anamnese-kimi\\anamnese-app\\src\\components\\HomeScreen.tsx": {"lines":{"total":44,"covered":0,"skipped":0,"pct":0},"functions":{"total":31,"covered":0,"skipped":0,"pct":0},"statements":{"total":52,"covered":0,"skipped":0,"pct":0},"branches":{"total":4,"covered":0,"skipped":0,"pct":0}}
,"C:\\Users\\tubbeTEC\\Downloads\\Anamnese-kimi\\anamnese-app\\src\\components\\IGelServices.tsx": {"lines":{"total":25,"covered":0,"skipped":0,"pct":0},"functions":{"total":4,"covered":0,"skipped":0,"pct":0},"statements":{"total":27,"covered":0,"skipped":0,"pct":0},"branches":{"total":20,"covered":0,"skipped":0,"pct":0}}
,"C:\\Users\\tubbeTEC\\Downloads\\Anamnese-kimi\\anamnese-app\\src\\components\\KeyboardShortcutsHelp.tsx": {"lines":{"total":20,"covered":0,"skipped":0,"pct":0},"functions":{"total":11,"covered":0,"skipped":0,"pct":0},"statements":{"total":22,"covered":0,"skipped":0,"pct":0},"branches":{"total":14,"covered":0,"skipped":0,"pct":0}}
,"C:\\Users\\tubbeTEC\\Downloads\\Anamnese-kimi\\anamnese-app\\src\\components\\KioskToggle.tsx": {"lines":{"total":14,"covered":0,"skipped":0,"pct":0},"functions":{"total":5,"covered":0,"skipped":0,"pct":0},"statements":{"total":16,"covered":0,"skipped":0,"pct":0},"branches":{"total":10,"covered":0,"skipped":0,"pct":0}}
,"C:\\Users\\tubbeTEC\\Downloads\\Anamnese-kimi\\anamnese-app\\src\\components\\LandingPage.tsx": {"lines":{"total":50,"covered":0,"skipped":0,"pct":0},"functions":{"total":24,"covered":0,"skipped":0,"pct":0},"statements":{"total":61,"covered":0,"skipped":0,"pct":0},"branches":{"total":20,"covered":0,"skipped":0,"pct":0}}
,"C:\\Users\\tubbeTEC\\Downloads\\Anamnese-kimi\\anamnese-app\\src\\components\\LanguageSelector.tsx": {"lines":{"total":23,"covered":0,"skipped":0,"pct":0},"functions":{"total":11,"covered":0,"skipped":0,"pct":0},"statements":{"total":26,"covered":0,"skipped":0,"pct":0},"branches":{"total":18,"covered":0,"skipped":0,"pct":0}}
,"C:\\Users\\tubbeTEC\\Downloads\\Anamnese-kimi\\anamnese-app\\src\\components\\MedicationManager.tsx": {"lines":{"total":31,"covered":0,"skipped":0,"pct":0},"functions":{"total":18,"covered":0,"skipped":0,"pct":0},"statements":{"total":35,"covered":0,"skipped":0,"pct":0},"branches":{"total":26,"covered":0,"skipped":0,"pct":0}}
,"C:\\Users\\tubbeTEC\\Downloads\\Anamnese-kimi\\anamnese-app\\src\\components\\ModeToggle.tsx": {"lines":{"total":5,"covered":0,"skipped":0,"pct":0},"functions":{"total":1,"covered":0,"skipped":0,"pct":0},"statements":{"total":5,"covered":0,"skipped":0,"pct":0},"branches":{"total":4,"covered":0,"skipped":0,"pct":0}}
,"C:\\Users\\tubbeTEC\\Downloads\\Anamnese-kimi\\anamnese-app\\src\\components\\Navigation.tsx": {"lines":{"total":2,"covered":0,"skipped":0,"pct":0},"functions":{"total":1,"covered":0,"skipped":0,"pct":0},"statements":{"total":2,"covered":0,"skipped":0,"pct":0},"branches":{"total":4,"covered":0,"skipped":0,"pct":0}}
,"C:\\Users\\tubbeTEC\\Downloads\\Anamnese-kimi\\anamnese-app\\src\\components\\PDFExport.tsx": {"lines":{"total":81,"covered":0,"skipped":0,"pct":0},"functions":{"total":15,"covered":0,"skipped":0,"pct":0},"statements":{"total":94,"covered":0,"skipped":0,"pct":0},"branches":{"total":50,"covered":0,"skipped":0,"pct":0}}
,"C:\\Users\\tubbeTEC\\Downloads\\Anamnese-kimi\\anamnese-app\\src\\components\\PatientWartezimmer.tsx": {"lines":{"total":98,"covered":0,"skipped":0,"pct":0},"functions":{"total":26,"covered":0,"skipped":0,"pct":0},"statements":{"total":107,"covered":0,"skipped":0,"pct":0},"branches":{"total":59,"covered":0,"skipped":0,"pct":0}}
,"C:\\Users\\tubbeTEC\\Downloads\\Anamnese-kimi\\anamnese-app\\src\\components\\PracticeGrowthSection.tsx": {"lines":{"total":3,"covered":0,"skipped":0,"pct":0},"functions":{"total":2,"covered":0,"skipped":0,"pct":0},"statements":{"total":3,"covered":0,"skipped":0,"pct":0},"branches":{"total":0,"covered":0,"skipped":0,"pct":100}}
,"C:\\Users\\tubbeTEC\\Downloads\\Anamnese-kimi\\anamnese-app\\src\\components\\ProgressBar.tsx": {"lines":{"total":2,"covered":0,"skipped":0,"pct":0},"functions":{"total":1,"covered":0,"skipped":0,"pct":0},"statements":{"total":2,"covered":0,"skipped":0,"pct":0},"branches":{"total":1,"covered":0,"skipped":0,"pct":0}}
,"C:\\Users\\tubbeTEC\\Downloads\\Anamnese-kimi\\anamnese-app\\src\\components\\QRCodeDisplay.tsx": {"lines":{"total":77,"covered":0,"skipped":0,"pct":0},"functions":{"total":8,"covered":0,"skipped":0,"pct":0},"statements":{"total":96,"covered":0,"skipped":0,"pct":0},"branches":{"total":69,"covered":0,"skipped":0,"pct":0}}
,"C:\\Users\\tubbeTEC\\Downloads\\Anamnese-kimi\\anamnese-app\\src\\components\\QuestionRenderer.tsx": {"lines":{"total":22,"covered":0,"skipped":0,"pct":0},"functions":{"total":4,"covered":0,"skipped":0,"pct":0},"statements":{"total":26,"covered":0,"skipped":0,"pct":0},"branches":{"total":47,"covered":0,"skipped":0,"pct":0}}
,"C:\\Users\\tubbeTEC\\Downloads\\Anamnese-kimi\\anamnese-app\\src\\components\\Questionnaire.tsx": {"lines":{"total":237,"covered":0,"skipped":0,"pct":0},"functions":{"total":47,"covered":0,"skipped":0,"pct":0},"statements":{"total":269,"covered":0,"skipped":0,"pct":0},"branches":{"total":237,"covered":0,"skipped":0,"pct":0}}
,"C:\\Users\\tubbeTEC\\Downloads\\Anamnese-kimi\\anamnese-app\\src\\components\\RedFlagOverlay.tsx": {"lines":{"total":13,"covered":0,"skipped":0,"pct":0},"functions":{"total":7,"covered":0,"skipped":0,"pct":0},"statements":{"total":17,"covered":0,"skipped":0,"pct":0},"branches":{"total":12,"covered":0,"skipped":0,"pct":0}}
,"C:\\Users\\tubbeTEC\\Downloads\\Anamnese-kimi\\anamnese-app\\src\\components\\SchwangerschaftCheck.tsx": {"lines":{"total":12,"covered":0,"skipped":0,"pct":0},"functions":{"total":4,"covered":0,"skipped":0,"pct":0},"statements":{"total":12,"covered":0,"skipped":0,"pct":0},"branches":{"total":15,"covered":0,"skipped":0,"pct":0}}
,"C:\\Users\\tubbeTEC\\Downloads\\Anamnese-kimi\\anamnese-app\\src\\components\\SessionRecoveryDialog.tsx": {"lines":{"total":18,"covered":0,"skipped":0,"pct":0},"functions":{"total":8,"covered":0,"skipped":0,"pct":0},"statements":{"total":23,"covered":0,"skipped":0,"pct":0},"branches":{"total":7,"covered":0,"skipped":0,"pct":0}}
,"C:\\Users\\tubbeTEC\\Downloads\\Anamnese-kimi\\anamnese-app\\src\\components\\SessionTimeoutWarning.tsx": {"lines":{"total":44,"covered":0,"skipped":0,"pct":0},"functions":{"total":12,"covered":0,"skipped":0,"pct":0},"statements":{"total":49,"covered":0,"skipped":0,"pct":0},"branches":{"total":10,"covered":0,"skipped":0,"pct":0}}
,"C:\\Users\\tubbeTEC\\Downloads\\Anamnese-kimi\\anamnese-app\\src\\components\\SessionTimer.tsx": {"lines":{"total":12,"covered":0,"skipped":0,"pct":0},"functions":{"total":5,"covered":0,"skipped":0,"pct":0},"statements":{"total":15,"covered":0,"skipped":0,"pct":0},"branches":{"total":5,"covered":0,"skipped":0,"pct":0}}
,"C:\\Users\\tubbeTEC\\Downloads\\Anamnese-kimi\\anamnese-app\\src\\components\\SignaturePad.tsx": {"lines":{"total":41,"covered":0,"skipped":0,"pct":0},"functions":{"total":7,"covered":0,"skipped":0,"pct":0},"statements":{"total":46,"covered":0,"skipped":0,"pct":0},"branches":{"total":34,"covered":0,"skipped":0,"pct":0}}
,"C:\\Users\\tubbeTEC\\Downloads\\Anamnese-kimi\\anamnese-app\\src\\components\\SkeletonLoader.tsx": {"lines":{"total":7,"covered":0,"skipped":0,"pct":0},"functions":{"total":7,"covered":0,"skipped":0,"pct":0},"statements":{"total":7,"covered":0,"skipped":0,"pct":0},"branches":{"total":3,"covered":0,"skipped":0,"pct":0}}
,"C:\\Users\\tubbeTEC\\Downloads\\Anamnese-kimi\\anamnese-app\\src\\components\\StaffAutoLogout.tsx": {"lines":{"total":52,"covered":0,"skipped":0,"pct":0},"functions":{"total":16,"covered":0,"skipped":0,"pct":0},"statements":{"total":63,"covered":0,"skipped":0,"pct":0},"branches":{"total":29,"covered":0,"skipped":0,"pct":0}}
,"C:\\Users\\tubbeTEC\\Downloads\\Anamnese-kimi\\anamnese-app\\src\\components\\StaffChat.tsx": {"lines":{"total":149,"covered":0,"skipped":0,"pct":0},"functions":{"total":52,"covered":0,"skipped":0,"pct":0},"statements":{"total":168,"covered":0,"skipped":0,"pct":0},"branches":{"total":133,"covered":0,"skipped":0,"pct":0}}
,"C:\\Users\\tubbeTEC\\Downloads\\Anamnese-kimi\\anamnese-app\\src\\components\\StaffTodoList.tsx": {"lines":{"total":80,"covered":0,"skipped":0,"pct":0},"functions":{"total":38,"covered":0,"skipped":0,"pct":0},"statements":{"total":97,"covered":0,"skipped":0,"pct":0},"branches":{"total":58,"covered":0,"skipped":0,"pct":0}}
,"C:\\Users\\tubbeTEC\\Downloads\\Anamnese-kimi\\anamnese-app\\src\\components\\SubmittedPage.tsx": {"lines":{"total":3,"covered":0,"skipped":0,"pct":0},"functions":{"total":1,"covered":0,"skipped":0,"pct":0},"statements":{"total":3,"covered":0,"skipped":0,"pct":0},"branches":{"total":6,"covered":0,"skipped":0,"pct":0}}
,"C:\\Users\\tubbeTEC\\Downloads\\Anamnese-kimi\\anamnese-app\\src\\components\\SurgeryManager.tsx": {"lines":{"total":22,"covered":0,"skipped":0,"pct":0},"functions":{"total":13,"covered":0,"skipped":0,"pct":0},"statements":{"total":26,"covered":0,"skipped":0,"pct":0},"branches":{"total":23,"covered":0,"skipped":0,"pct":0}}
,"C:\\Users\\tubbeTEC\\Downloads\\Anamnese-kimi\\anamnese-app\\src\\components\\ThemeToggle.tsx": {"lines":{"total":4,"covered":0,"skipped":0,"pct":0},"functions":{"total":1,"covered":0,"skipped":0,"pct":0},"statements":{"total":4,"covered":0,"skipped":0,"pct":0},"branches":{"total":6,"covered":0,"skipped":0,"pct":0}}
,"C:\\Users\\tubbeTEC\\Downloads\\Anamnese-kimi\\anamnese-app\\src\\components\\UnfallBGFlow.tsx": {"lines":{"total":70,"covered":0,"skipped":0,"pct":0},"functions":{"total":38,"covered":0,"skipped":0,"pct":0},"statements":{"total":81,"covered":0,"skipped":0,"pct":0},"branches":{"total":50,"covered":0,"skipped":0,"pct":0}}
,"C:\\Users\\tubbeTEC\\Downloads\\Anamnese-kimi\\anamnese-app\\src\\components\\WartezimmerPanel.tsx": {"lines":{"total":24,"covered":0,"skipped":0,"pct":0},"functions":{"total":8,"covered":0,"skipped":0,"pct":0},"statements":{"total":24,"covered":0,"skipped":0,"pct":0},"branches":{"total":24,"covered":0,"skipped":0,"pct":0}}
,"C:\\Users\\tubbeTEC\\Downloads\\Anamnese-kimi\\anamnese-app\\src\\components\\admin\\AtomEditorPanel.tsx": {"lines":{"total":40,"covered":0,"skipped":0,"pct":0},"functions":{"total":24,"covered":0,"skipped":0,"pct":0},"statements":{"total":44,"covered":0,"skipped":0,"pct":0},"branches":{"total":43,"covered":0,"skipped":0,"pct":0}}
,"C:\\Users\\tubbeTEC\\Downloads\\Anamnese-kimi\\anamnese-app\\src\\components\\admin\\AtomListPanel.tsx": {"lines":{"total":35,"covered":0,"skipped":0,"pct":0},"functions":{"total":16,"covered":0,"skipped":0,"pct":0},"statements":{"total":43,"covered":0,"skipped":0,"pct":0},"branches":{"total":28,"covered":0,"skipped":0,"pct":0}}
,"C:\\Users\\tubbeTEC\\Downloads\\Anamnese-kimi\\anamnese-app\\src\\components\\admin\\AuditLogTab.tsx": {"lines":{"total":14,"covered":0,"skipped":0,"pct":0},"functions":{"total":8,"covered":0,"skipped":0,"pct":0},"statements":{"total":19,"covered":0,"skipped":0,"pct":0},"branches":{"total":24,"covered":0,"skipped":0,"pct":0}}
,"C:\\Users\\tubbeTEC\\Downloads\\Anamnese-kimi\\anamnese-app\\src\\components\\admin\\BranchingLogicEditor.tsx": {"lines":{"total":18,"covered":0,"skipped":0,"pct":0},"functions":{"total":14,"covered":0,"skipped":0,"pct":0},"statements":{"total":20,"covered":0,"skipped":0,"pct":0},"branches":{"total":8,"covered":0,"skipped":0,"pct":0}}
,"C:\\Users\\tubbeTEC\\Downloads\\Anamnese-kimi\\anamnese-app\\src\\components\\admin\\EPAPanel.tsx": {"lines":{"total":38,"covered":0,"skipped":0,"pct":0},"functions":{"total":19,"covered":0,"skipped":0,"pct":0},"statements":{"total":49,"covered":0,"skipped":0,"pct":0},"branches":{"total":51,"covered":0,"skipped":0,"pct":0}}
,"C:\\Users\\tubbeTEC\\Downloads\\Anamnese-kimi\\anamnese-app\\src\\components\\admin\\FragebogenBuilder.tsx": {"lines":{"total":41,"covered":0,"skipped":0,"pct":0},"functions":{"total":23,"covered":0,"skipped":0,"pct":0},"statements":{"total":48,"covered":0,"skipped":0,"pct":0},"branches":{"total":47,"covered":0,"skipped":0,"pct":0}}
,"C:\\Users\\tubbeTEC\\Downloads\\Anamnese-kimi\\anamnese-app\\src\\components\\admin\\KIMPanel.tsx": {"lines":{"total":23,"covered":0,"skipped":0,"pct":0},"functions":{"total":10,"covered":0,"skipped":0,"pct":0},"statements":{"total":29,"covered":0,"skipped":0,"pct":0},"branches":{"total":43,"covered":0,"skipped":0,"pct":0}}
,"C:\\Users\\tubbeTEC\\Downloads\\Anamnese-kimi\\anamnese-app\\src\\components\\admin\\PermissionMatrix.tsx": {"lines":{"total":24,"covered":0,"skipped":0,"pct":0},"functions":{"total":11,"covered":0,"skipped":0,"pct":0},"statements":{"total":30,"covered":0,"skipped":0,"pct":0},"branches":{"total":16,"covered":0,"skipped":0,"pct":0}}
,"C:\\Users\\tubbeTEC\\Downloads\\Anamnese-kimi\\anamnese-app\\src\\components\\admin\\PvsAdminPanel.tsx": {"lines":{"total":42,"covered":0,"skipped":0,"pct":0},"functions":{"total":19,"covered":0,"skipped":0,"pct":0},"statements":{"total":46,"covered":0,"skipped":0,"pct":0},"branches":{"total":43,"covered":0,"skipped":0,"pct":0}}
,"C:\\Users\\tubbeTEC\\Downloads\\Anamnese-kimi\\anamnese-app\\src\\components\\admin\\ROIDashboard.tsx": {"lines":{"total":21,"covered":0,"skipped":0,"pct":0},"functions":{"total":12,"covered":0,"skipped":0,"pct":0},"statements":{"total":24,"covered":0,"skipped":0,"pct":0},"branches":{"total":28,"covered":0,"skipped":0,"pct":0}}
,"C:\\Users\\tubbeTEC\\Downloads\\Anamnese-kimi\\anamnese-app\\src\\components\\admin\\TherapyAnalyticsTab.tsx": {"lines":{"total":12,"covered":0,"skipped":0,"pct":0},"functions":{"total":8,"covered":0,"skipped":0,"pct":0},"statements":{"total":13,"covered":0,"skipped":0,"pct":0},"branches":{"total":30,"covered":0,"skipped":0,"pct":0}}
,"C:\\Users\\tubbeTEC\\Downloads\\Anamnese-kimi\\anamnese-app\\src\\components\\admin\\UserManagementTab.tsx": {"lines":{"total":22,"covered":0,"skipped":0,"pct":0},"functions":{"total":13,"covered":0,"skipped":0,"pct":0},"statements":{"total":24,"covered":0,"skipped":0,"pct":0},"branches":{"total":18,"covered":0,"skipped":0,"pct":0}}
,"C:\\Users\\tubbeTEC\\Downloads\\Anamnese-kimi\\anamnese-app\\src\\components\\admin\\UserPermissionDialog.tsx": {"lines":{"total":21,"covered":0,"skipped":0,"pct":0},"functions":{"total":11,"covered":0,"skipped":0,"pct":0},"statements":{"total":23,"covered":0,"skipped":0,"pct":0},"branches":{"total":8,"covered":0,"skipped":0,"pct":0}}
,"C:\\Users\\tubbeTEC\\Downloads\\Anamnese-kimi\\anamnese-app\\src\\components\\admin\\WaitingContentTab.tsx": {"lines":{"total":41,"covered":0,"skipped":0,"pct":0},"functions":{"total":24,"covered":0,"skipped":0,"pct":0},"statements":{"total":51,"covered":0,"skipped":0,"pct":0},"branches":{"total":44,"covered":0,"skipped":0,"pct":0}}
,"C:\\Users\\tubbeTEC\\Downloads\\Anamnese-kimi\\anamnese-app\\src\\components\\admin\\WunschboxTab.tsx": {"lines":{"total":26,"covered":0,"skipped":0,"pct":0},"functions":{"total":15,"covered":0,"skipped":0,"pct":0},"statements":{"total":32,"covered":0,"skipped":0,"pct":0},"branches":{"total":34,"covered":0,"skipped":0,"pct":0}}
,"C:\\Users\\tubbeTEC\\Downloads\\Anamnese-kimi\\anamnese-app\\src\\components\\admin\\theme\\ColorPicker.tsx": {"lines":{"total":20,"covered":0,"skipped":0,"pct":0},"functions":{"total":8,"covered":0,"skipped":0,"pct":0},"statements":{"total":20,"covered":0,"skipped":0,"pct":0},"branches":{"total":28,"covered":0,"skipped":0,"pct":0}}
,"C:\\Users\\tubbeTEC\\Downloads\\Anamnese-kimi\\anamnese-app\\src\\components\\admin\\theme\\FontSelector.tsx": {"lines":{"total":18,"covered":0,"skipped":0,"pct":0},"functions":{"total":7,"covered":0,"skipped":0,"pct":0},"statements":{"total":20,"covered":0,"skipped":0,"pct":0},"branches":{"total":13,"covered":0,"skipped":0,"pct":0}}
,"C:\\Users\\tubbeTEC\\Downloads\\Anamnese-kimi\\anamnese-app\\src\\components\\admin\\theme\\TemplateGallery.tsx": {"lines":{"total":18,"covered":0,"skipped":0,"pct":0},"functions":{"total":8,"covered":0,"skipped":0,"pct":0},"statements":{"total":19,"covered":0,"skipped":0,"pct":0},"branches":{"total":12,"covered":0,"skipped":0,"pct":0}}
,"C:\\Users\\tubbeTEC\\Downloads\\Anamnese-kimi\\anamnese-app\\src\\components\\admin\\theme\\ThemeEditor.tsx": {"lines":{"total":73,"covered":0,"skipped":0,"pct":0},"functions":{"total":40,"covered":0,"skipped":0,"pct":0},"statements":{"total":83,"covered":0,"skipped":0,"pct":0},"branches":{"total":119,"covered":0,"skipped":0,"pct":0}}
,"C:\\Users\\tubbeTEC\\Downloads\\Anamnese-kimi\\anamnese-app\\src\\components\\admin\\theme\\ThemePreview.tsx": {"lines":{"total":3,"covered":0,"skipped":0,"pct":0},"functions":{"total":2,"covered":0,"skipped":0,"pct":0},"statements":{"total":3,"covered":0,"skipped":0,"pct":0},"branches":{"total":4,"covered":0,"skipped":0,"pct":0}}
,"C:\\Users\\tubbeTEC\\Downloads\\Anamnese-kimi\\anamnese-app\\src\\components\\admin\\theme\\index.ts": {"lines":{"total":0,"covered":0,"skipped":0,"pct":100},"functions":{"total":0,"covered":0,"skipped":0,"pct":100},"statements":{"total":0,"covered":0,"skipped":0,"pct":100},"branches":{"total":0,"covered":0,"skipped":0,"pct":100}}
,"C:\\Users\\tubbeTEC\\Downloads\\Anamnese-kimi\\anamnese-app\\src\\components\\ai\\AiIcdSuggest.tsx": {"lines":{"total":13,"covered":0,"skipped":0,"pct":0},"functions":{"total":6,"covered":0,"skipped":0,"pct":0},"statements":{"total":14,"covered":0,"skipped":0,"pct":0},"branches":{"total":14,"covered":0,"skipped":0,"pct":0}}
,"C:\\Users\\tubbeTEC\\Downloads\\Anamnese-kimi\\anamnese-app\\src\\components\\ai\\AiSessionSummary.tsx": {"lines":{"total":12,"covered":0,"skipped":0,"pct":0},"functions":{"total":8,"covered":0,"skipped":0,"pct":0},"statements":{"total":12,"covered":0,"skipped":0,"pct":0},"branches":{"total":26,"covered":0,"skipped":0,"pct":0}}
[...]
,"C:\\Users\\tubbeTEC\\Downloads\\Anamnese-kimi\\anamnese-app\\src\\pages\\DatenschutzPage.tsx": {"lines":{"total":3,"covered":0,"skipped":0,"pct":0},"functions":{"total":2,"covered":0,"skipped":0,"pct":0},"statements":{"total":3,"covered":0,"skipped":0,"pct":0},"branches":{"total":0,"covered":0,"skipped":0,"pct":100}}
,"C:\\Users\\tubbeTEC\\Downloads\\Anamnese-kimi\\anamnese-app\\src\\pages\\DokumentationPage.tsx": {"lines":{"total":13,"covered":0,"skipped":0,"pct":0},"functions":{"total":8,"covered":0,"skipped":0,"pct":0},"statements":{"total":13,"covered":0,"skipped":0,"pct":0},"branches":{"total":6,"covered":0,"skipped":0,"pct":0}}
,"C:\\Users\\tubbeTEC\\Downloads\\Anamnese-kimi\\anamnese-app\\src\\pages\\HandbuchPage.tsx": {"lines":{"total":10,"covered":0,"skipped":0,"pct":0},"functions":{"total":6,"covered":0,"skipped":0,"pct":0},"statements":{"total":10,"covered":0,"skipped":0,"pct":0},"branches":{"total":14,"covered":0,"skipped":0,"pct":0}}
,"C:\\Users\\tubbeTEC\\Downloads\\Anamnese-kimi\\anamnese-app\\src\\pages\\ImpressumPage.tsx": {"lines":{"total":3,"covered":0,"skipped":0,"pct":0},"functions":{"total":2,"covered":0,"skipped":0,"pct":0},"statements":{"total":3,"covered":0,"skipped":0,"pct":0},"branches":{"total":0,"covered":0,"skipped":0,"pct":100}}
,"C:\\Users\\tubbeTEC\\Downloads\\Anamnese-kimi\\anamnese-app\\src\\pages\\MFADashboard.tsx": {"lines":{"total":125,"covered":0,"skipped":0,"pct":0},"functions":{"total":51,"covered":0,"skipped":0,"pct":0},"statements":{"total":138,"covered":0,"skipped":0,"pct":0},"branches":{"total":68,"covered":0,"skipped":0,"pct":0}}
,"C:\\Users\\tubbeTEC\\Downloads\\Anamnese-kimi\\anamnese-app\\src\\pages\\NotFoundPage.tsx": {"lines":{"total":4,"covered":0,"skipped":0,"pct":0},"functions":{"total":3,"covered":0,"skipped":0,"pct":0},"statements":{"total":4,"covered":0,"skipped":0,"pct":0},"branches":{"total":0,"covered":0,"skipped":0,"pct":100}}
,"C:\\Users\\tubbeTEC\\Downloads\\Anamnese-kimi\\anamnese-app\\src\\pages\\Pricing.tsx": {"lines":{"total":29,"covered":0,"skipped":0,"pct":0},"functions":{"total":6,"covered":0,"skipped":0,"pct":0},"statements":{"total":29,"covered":0,"skipped":0,"pct":0},"branches":{"total":22,"covered":0,"skipped":0,"pct":0}}
,"C:\\Users\\tubbeTEC\\Downloads\\Anamnese-kimi\\anamnese-app\\src\\pages\\SystemPanel.tsx": {"lines":{"total":38,"covered":0,"skipped":0,"pct":0},"functions":{"total":13,"covered":0,"skipped":0,"pct":0},"statements":{"total":43,"covered":0,"skipped":0,"pct":0},"branches":{"total":62,"covered":0,"skipped":0,"pct":0}}
,"C:\\Users\\tubbeTEC\\Downloads\\Anamnese-kimi\\anamnese-app\\src\\pages\\TIStatusPanel.tsx": {"lines":{"total":16,"covered":0,"skipped":0,"pct":0},"functions":{"total":5,"covered":0,"skipped":0,"pct":0},"statements":{"total":16,"covered":0,"skipped":0,"pct":0},"branches":{"total":70,"covered":0,"skipped":0,"pct":0}}
,"C:\\Users\\tubbeTEC\\Downloads\\Anamnese-kimi\\anamnese-app\\src\\pages\\agents\\AgentDashboard.tsx": {"lines":{"total":48,"covered":0,"skipped":0,"pct":0},"functions":{"total":28,"covered":0,"skipped":0,"pct":0},"statements":{"total":55,"covered":0,"skipped":0,"pct":0},"branches":{"total":89,"covered":0,"skipped":0,"pct":0}}
,"C:\\Users\\tubbeTEC\\Downloads\\Anamnese-kimi\\anamnese-app\\src\\pages\\checkout\\AnonymousFeedbackForm.tsx": {"lines":{"total":60,"covered":0,"skipped":0,"pct":0},"functions":{"total":18,"covered":0,"skipped":0,"pct":0},"statements":{"total":66,"covered":0,"skipped":0,"pct":0},"branches":{"total":41,"covered":0,"skipped":0,"pct":0}}
,"C:\\Users\\tubbeTEC\\Downloads\\Anamnese-kimi\\anamnese-app\\src\\pages\\checkout\\CheckoutWizard.tsx": {"lines":{"total":18,"covered":0,"skipped":0,"pct":0},"functions":{"total":8,"covered":0,"skipped":0,"pct":0},"statements":{"total":21,"covered":0,"skipped":0,"pct":0},"branches":{"total":17,"covered":0,"skipped":0,"pct":0}}
,"C:\\Users\\tubbeTEC\\Downloads\\Anamnese-kimi\\anamnese-app\\src\\pages\\checkout\\DataDeletionConfirm.tsx": {"lines":{"total":14,"covered":0,"skipped":0,"pct":0},"functions":{"total":7,"covered":0,"skipped":0,"pct":0},"statements":{"total":16,"covered":0,"skipped":0,"pct":0},"branches":{"total":12,"covered":0,"skipped":0,"pct":0}}
,"C:\\Users\\tubbeTEC\\Downloads\\Anamnese-kimi\\anamnese-app\\src\\pages\\epa\\PrivateEpaDashboard.tsx": {"lines":{"total":110,"covered":0,"skipped":0,"pct":0},"functions":{"total":59,"covered":0,"skipped":0,"pct":0},"statements":{"total":125,"covered":0,"skipped":0,"pct":0},"branches":{"total":52,"covered":0,"skipped":0,"pct":0}}
,"C:\\Users\\tubbeTEC\\Downloads\\Anamnese-kimi\\anamnese-app\\src\\pages\\epa\\SharedEpaView.tsx": {"lines":{"total":25,"covered":0,"skipped":0,"pct":0},"functions":{"total":11,"covered":0,"skipped":0,"pct":0},"statements":{"total":26,"covered":0,"skipped":0,"pct":0},"branches":{"total":14,"covered":0,"skipped":0,"pct":0}}
,"C:\\Users\\tubbeTEC\\Downloads\\Anamnese-kimi\\anamnese-app\\src\\pages\\flows\\PatientFlowLiveBoard.tsx": {"lines":{"total":16,"covered":0,"skipped":0,"pct":0},"functions":{"total":7,"covered":0,"skipped":0,"pct":0},"statements":{"total":21,"covered":0,"skipped":0,"pct":0},"branches":{"total":36,"covered":0,"skipped":0,"pct":0}}
,"C:\\Users\\tubbeTEC\\Downloads\\Anamnese-kimi\\anamnese-app\\src\\pages\\flows\\TreatmentFlowBuilder.tsx": {"lines":{"total":63,"covered":0,"skipped":0,"pct":0},"functions":{"total":42,"covered":0,"skipped":0,"pct":0},"statements":{"total":77,"covered":0,"skipped":0,"pct":0},"branches":{"total":34,"covered":0,"skipped":0,"pct":0}}
,"C:\\Users\\tubbeTEC\\Downloads\\Anamnese-kimi\\anamnese-app\\src\\pages\\forms\\FormBuilderPage.tsx": {"lines":{"total":105,"covered":0,"skipped":0,"pct":0},"functions":{"total":50,"covered":0,"skipped":0,"pct":0},"statements":{"total":114,"covered":0,"skipped":0,"pct":0},"branches":{"total":83,"covered":0,"skipped":0,"pct":0}}
,"C:\\Users\\tubbeTEC\\Downloads\\Anamnese-kimi\\anamnese-app\\src\\pages\\forms\\FormRunnerPage.tsx": {"lines":{"total":75,"covered":0,"skipped":0,"pct":0},"functions":{"total":30,"covered":0,"skipped":0,"pct":0},"statements":{"total":84,"covered":0,"skipped":0,"pct":0},"branches":{"total":63,"covered":0,"skipped":0,"pct":0}}
,"C:\\Users\\tubbeTEC\\Downloads\\Anamnese-kimi\\anamnese-app\\src\\pages\\kiosk\\KioskDashboard.tsx": {"lines":{"total":48,"covered":0,"skipped":0,"pct":0},"functions":{"total":36,"covered":0,"skipped":0,"pct":0},"statements":{"total":75,"covered":0,"skipped":0,"pct":0},"branches":{"total":36,"covered":0,"skipped":0,"pct":0}}
,"C:\\Users\\tubbeTEC\\Downloads\\Anamnese-kimi\\anamnese-app\\src\\pages\\landing\\LandingPage.tsx": {"lines":{"total":21,"covered":0,"skipped":0,"pct":0},"functions":{"total":15,"covered":0,"skipped":0,"pct":0},"statements":{"total":21,"covered":0,"skipped":0,"pct":0},"branches":{"total":0,"covered":0,"skipped":0,"pct":100}}
,"C:\\Users\\tubbeTEC\\Downloads\\Anamnese-kimi\\anamnese-app\\src\\pages\\landing\\PricingSection.tsx": {"lines":{"total":28,"covered":0,"skipped":0,"pct":0},"functions":{"total":11,"covered":0,"skipped":0,"pct":0},"statements":{"total":31,"covered":0,"skipped":0,"pct":0},"branches":{"total":26,"covered":0,"skipped":0,"pct":0}}
,"C:\\Users\\tubbeTEC\\Downloads\\Anamnese-kimi\\anamnese-app\\src\\pages\\nfc\\NfcLanding.tsx": {"lines":{"total":27,"covered":0,"skipped":0,"pct":0},"functions":{"total":4,"covered":0,"skipped":0,"pct":0},"statements":{"total":27,"covered":0,"skipped":0,"pct":0},"branches":{"total":59,"covered":0,"skipped":0,"pct":0}}
,"C:\\Users\\tubbeTEC\\Downloads\\Anamnese-kimi\\anamnese-app\\src\\pages\\nfc\\NfcStepView.tsx": {"lines":{"total":17,"covered":0,"skipped":0,"pct":0},"functions":{"total":7,"covered":0,"skipped":0,"pct":0},"statements":{"total":21,"covered":0,"skipped":0,"pct":0},"branches":{"total":30,"covered":0,"skipped":0,"pct":0}}
,"C:\\Users\\tubbeTEC\\Downloads\\Anamnese-kimi\\anamnese-app\\src\\pages\\pwa\\PwaAppointments.tsx": {"lines":{"total":33,"covered":0,"skipped":0,"pct":0},"functions":{"total":18,"covered":0,"skipped":0,"pct":0},"statements":{"total":39,"covered":0,"skipped":0,"pct":0},"branches":{"total":43,"covered":0,"skipped":0,"pct":0}}
,"C:\\Users\\tubbeTEC\\Downloads\\Anamnese-kimi\\anamnese-app\\src\\pages\\pwa\\PwaDashboard.tsx": {"lines":{"total":32,"covered":0,"skipped":0,"pct":0},"functions":{"total":12,"covered":0,"skipped":0,"pct":0},"statements":{"total":36,"covered":0,"skipped":0,"pct":0},"branches":{"total":53,"covered":0,"skipped":0,"pct":0}}
,"C:\\Users\\tubbeTEC\\Downloads\\Anamnese-kimi\\anamnese-app\\src\\pages\\pwa\\PwaDiary.tsx": {"lines":{"total":93,"covered":0,"skipped":0,"pct":0},"functions":{"total":53,"covered":0,"skipped":0,"pct":0},"statements":{"total":113,"covered":0,"skipped":0,"pct":0},"branches":{"total":133,"covered":0,"skipped":0,"pct":0}}
,"C:\\Users\\tubbeTEC\\Downloads\\Anamnese-kimi\\anamnese-app\\src\\pages\\pwa\\PwaDiaryTrends.tsx": {"lines":{"total":14,"covered":0,"skipped":0,"pct":0},"functions":{"total":7,"covered":0,"skipped":0,"pct":0},"statements":{"total":16,"covered":0,"skipped":0,"pct":0},"branches":{"total":25,"covered":0,"skipped":0,"pct":0}}
,"C:\\Users\\tubbeTEC\\Downloads\\Anamnese-kimi\\anamnese-app\\src\\pages\\pwa\\PwaEmailVerification.tsx": {"lines":{"total":13,"covered":0,"skipped":0,"pct":0},"functions":{"total":6,"covered":0,"skipped":0,"pct":0},"statements":{"total":15,"covered":0,"skipped":0,"pct":0},"branches":{"total":10,"covered":0,"skipped":0,"pct":0}}
,"C:\\Users\\tubbeTEC\\Downloads\\Anamnese-kimi\\anamnese-app\\src\\pages\\pwa\\PwaLogin.tsx": {"lines":{"total":63,"covered":0,"skipped":0,"pct":0},"functions":{"total":20,"covered":0,"skipped":0,"pct":0},"statements":{"total":68,"covered":0,"skipped":0,"pct":0},"branches":{"total":63,"covered":0,"skipped":0,"pct":0}}
,"C:\\Users\\tubbeTEC\\Downloads\\Anamnese-kimi\\anamnese-app\\src\\pages\\pwa\\PwaMeasures.tsx": {"lines":{"total":39,"covered":0,"skipped":0,"pct":0},"functions":{"total":14,"covered":0,"skipped":0,"pct":0},"statements":{"total":42,"covered":0,"skipped":0,"pct":0},"branches":{"total":64,"covered":0,"skipped":0,"pct":0}}
,"C:\\Users\\tubbeTEC\\Downloads\\Anamnese-kimi\\anamnese-app\\src\\pages\\pwa\\PwaMessages.tsx": {"lines":{"total":41,"covered":0,"skipped":0,"pct":0},"functions":{"total":11,"covered":0,"skipped":0,"pct":0},"statements":{"total":42,"covered":0,"skipped":0,"pct":0},"branches":{"total":82,"covered":0,"skipped":0,"pct":0}}
,"C:\\Users\\tubbeTEC\\Downloads\\Anamnese-kimi\\anamnese-app\\src\\pages\\pwa\\PwaReminderConfig.tsx": {"lines":{"total":33,"covered":0,"skipped":0,"pct":0},"functions":{"total":25,"covered":0,"skipped":0,"pct":0},"statements":{"total":41,"covered":0,"skipped":0,"pct":0},"branches":{"total":57,"covered":0,"skipped":0,"pct":0}}
,"C:\\Users\\tubbeTEC\\Downloads\\Anamnese-kimi\\anamnese-app\\src\\pages\\pwa\\PwaSettings.tsx": {"lines":{"total":72,"covered":0,"skipped":0,"pct":0},"functions":{"total":27,"covered":0,"skipped":0,"pct":0},"statements":{"total":76,"covered":0,"skipped":0,"pct":0},"branches":{"total":104,"covered":0,"skipped":0,"pct":0}}
,"C:\\Users\\tubbeTEC\\Downloads\\Anamnese-kimi\\anamnese-app\\src\\pages\\staff\\StaffLogin.tsx": {"lines":{"total":26,"covered":0,"skipped":0,"pct":0},"functions":{"total":4,"covered":0,"skipped":0,"pct":0},"statements":{"total":26,"covered":0,"skipped":0,"pct":0},"branches":{"total":17,"covered":0,"skipped":0,"pct":0}}
,"C:\\Users\\tubbeTEC\\Downloads\\Anamnese-kimi\\anamnese-app\\src\\pages\\telemedizin\\PreCheckinForm.tsx": {"lines":{"total":89,"covered":0,"skipped":0,"pct":0},"functions":{"total":33,"covered":0,"skipped":0,"pct":0},"statements":{"total":102,"covered":0,"skipped":0,"pct":0},"branches":{"total":72,"covered":0,"skipped":0,"pct":0}}
,"C:\\Users\\tubbeTEC\\Downloads\\Anamnese-kimi\\anamnese-app\\src\\pages\\telemedizin\\TelemedizinScheduler.tsx": {"lines":{"total":34,"covered":0,"skipped":0,"pct":0},"functions":{"total":16,"covered":0,"skipped":0,"pct":0},"statements":{"total":36,"covered":0,"skipped":0,"pct":0},"branches":{"total":21,"covered":0,"skipped":0,"pct":0}}
,"C:\\Users\\tubbeTEC\\Downloads\\Anamnese-kimi\\anamnese-app\\src\\pages\\telemedizin\\VideoRoom.tsx": {"lines":{"total":45,"covered":0,"skipped":0,"pct":0},"functions":{"total":28,"covered":0,"skipped":0,"pct":0},"statements":{"total":64,"covered":0,"skipped":0,"pct":0},"branches":{"total":49,"covered":0,"skipped":0,"pct":0}}
,"C:\\Users\\tubbeTEC\\Downloads\\Anamnese-kimi\\anamnese-app\\src\\store\\modeStore.ts": {"lines":{"total":6,"covered":0,"skipped":0,"pct":0},"functions":{"total":6,"covered":0,"skipped":0,"pct":0},"statements":{"total":7,"covered":0,"skipped":0,"pct":0},"branches":{"total":2,"covered":0,"skipped":0,"pct":0}}
,"C:\\Users\\tubbeTEC\\Downloads\\Anamnese-kimi\\anamnese-app\\src\\store\\pwaStore.ts": {"lines":{"total":6,"covered":0,"skipped":0,"pct":0},"functions":{"total":5,"covered":0,"skipped":0,"pct":0},"statements":{"total":6,"covered":0,"skipped":0,"pct":0},"branches":{"total":0,"covered":0,"skipped":0,"pct":100}}
,"C:\\Users\\tubbeTEC\\Downloads\\Anamnese-kimi\\anamnese-app\\src\\store\\sessionStore.ts": {"lines":{"total":38,"covered":0,"skipped":0,"pct":0},"functions":{"total":28,"covered":0,"skipped":0,"pct":0},"statements":{"total":45,"covered":0,"skipped":0,"pct":0},"branches":{"total":10,"covered":0,"skipped":0,"pct":0}}
,"C:\\Users\\tubbeTEC\\Downloads\\Anamnese-kimi\\anamnese-app\\src\\store\\themeStore.ts": {"lines":{"total":15,"covered":0,"skipped":0,"pct":0},"functions":{"total":6,"covered":0,"skipped":0,"pct":0},"statements":{"total":15,"covered":0,"skipped":0,"pct":0},"branches":{"total":4,"covered":0,"skipped":0,"pct":0}}
,"C:\\Users\\tubbeTEC\\Downloads\\Anamnese-kimi\\anamnese-app\\src\\store\\toastStore.ts": {"lines":{"total":12,"covered":0,"skipped":0,"pct":0},"functions":{"total":11,"covered":0,"skipped":0,"pct":0},"statements":{"total":16,"covered":0,"skipped":0,"pct":0},"branches":{"total":0,"covered":0,"skipped":0,"pct":100}}
,"C:\\Users\\tubbeTEC\\Downloads\\Anamnese-kimi\\anamnese-app\\src\\theme\\ThemeProvider.tsx": {"lines":{"total":85,"covered":0,"skipped":0,"pct":0},"functions":{"total":24,"covered":0,"skipped":0,"pct":0},"statements":{"total":90,"covered":0,"skipped":0,"pct":0},"branches":{"total":48,"covered":0,"skipped":0,"pct":0}}
,"C:\\Users\\tubbeTEC\\Downloads\\Anamnese-kimi\\anamnese-app\\src\\theme\\applyTheme.ts": {"lines":{"total":113,"covered":0,"skipped":0,"pct":0},"functions":{"total":23,"covered":0,"skipped":0,"pct":0},"statements":{"total":113,"covered":0,"skipped":0,"pct":0},"branches":{"total":58,"covered":0,"skipped":0,"pct":0}}
,"C:\\Users\\tubbeTEC\\Downloads\\Anamnese-kimi\\anamnese-app\\src\\theme\\defaultThemes.ts": {"lines":{"total":36,"covered":0,"skipped":0,"pct":0},"functions":{"total":5,"covered":0,"skipped":0,"pct":0},"statements":{"total":38,"covered":0,"skipped":0,"pct":0},"branches":{"total":8,"covered":0,"skipped":0,"pct":0}}
,"C:\\Users\\tubbeTEC\\Downloads\\Anamnese-kimi\\anamnese-app\\src\\theme\\index.ts": {"lines":{"total":0,"covered":0,"skipped":0,"pct":100},"functions":{"total":0,"covered":0,"skipped":0,"pct":100},"statements":{"total":0,"covered":0,"skipped":0,"pct":100},"branches":{"total":0,"covered":0,"skipped":0,"pct":100}}
,"C:\\Users\\tubbeTEC\\Downloads\\Anamnese-kimi\\anamnese-app\\src\\theme\\types.ts": {"lines":{"total":0,"covered":0,"skipped":0,"pct":100},"functions":{"total":0,"covered":0,"skipped":0,"pct":100},"statements":{"total":0,"covered":0,"skipped":0,"pct":100},"branches":{"total":0,"covered":0,"skipped":0,"pct":100}}
,"C:\\Users\\tubbeTEC\\Downloads\\Anamnese-kimi\\anamnese-app\\src\\tokens\\examples.tsx": {"lines":{"total":10,"covered":0,"skipped":0,"pct":0},"functions":{"total":8,"covered":0,"skipped":0,"pct":0},"statements":{"total":10,"covered":0,"skipped":0,"pct":0},"branches":{"total":3,"covered":0,"skipped":0,"pct":0}}
,"C:\\Users\\tubbeTEC\\Downloads\\Anamnese-kimi\\anamnese-app\\src\\tokens\\index.ts": {"lines":{"total":0,"covered":0,"skipped":0,"pct":100},"functions":{"total":0,"covered":0,"skipped":0,"pct":100},"statements":{"total":0,"covered":0,"skipped":0,"pct":100},"branches":{"total":0,"covered":0,"skipped":0,"pct":100}}
,"C:\\Users\\tubbeTEC\\Downloads\\Anamnese-kimi\\anamnese-app\\src\\tokens\\tokens.tailwind.ts": {"lines":{"total":1,"covered":0,"skipped":0,"pct":0},"functions":{"total":0,"covered":0,"skipped":0,"pct":100},"statements":{"total":1,"covered":0,"skipped":0,"pct":0},"branches":{"total":0,"covered":0,"skipped":0,"pct":100}}
,"C:\\Users\\tubbeTEC\\Downloads\\Anamnese-kimi\\anamnese-app\\src\\tokens\\tokens.types.ts": {"lines":{"total":596,"covered":0,"skipped":0,"pct":0},"functions":{"total":1,"covered":0,"skipped":0,"pct":0},"statements":{"total":596,"covered":0,"skipped":0,"pct":0},"branches":{"total":0,"covered":0,"skipped":0,"pct":100}}
,"C:\\Users\\tubbeTEC\\Downloads\\Anamnese-kimi\\anamnese-app\\src\\types\\admin.ts": {"lines":{"total":0,"covered":0,"skipped":0,"pct":100},"functions":{"total":0,"covered":0,"skipped":0,"pct":100},"statements":{"total":0,"covered":0,"skipped":0,"pct":100},"branches":{"total":0,"covered":0,"skipped":0,"pct":100}}
,"C:\\Users\\tubbeTEC\\Downloads\\Anamnese-kimi\\anamnese-app\\src\\types\\question.ts": {"lines":{"total":0,"covered":0,"skipped":0,"pct":100},"functions":{"total":0,"covered":0,"skipped":0,"pct":100},"statements":{"total":0,"covered":0,"skipped":0,"pct":100},"branches":{"total":0,"covered":0,"skipped":0,"pct":100}}
,"C:\\Users\\tubbeTEC\\Downloads\\Anamnese-kimi\\anamnese-app\\src\\utils\\chatNLU.ts": {"lines":{"total":80,"covered":0,"skipped":0,"pct":0},"functions":{"total":9,"covered":0,"skipped":0,"pct":0},"statements":{"total":95,"covered":0,"skipped":0,"pct":0},"branches":{"total":50,"covered":0,"skipped":0,"pct":0}}
,"C:\\Users\\tubbeTEC\\Downloads\\Anamnese-kimi\\anamnese-app\\src\\utils\\exportUtils.ts": {"lines":{"total":34,"covered":0,"skipped":0,"pct":0},"functions":{"total":14,"covered":0,"skipped":0,"pct":0},"statements":{"total":36,"covered":0,"skipped":0,"pct":0},"branches":{"total":10,"covered":0,"skipped":0,"pct":0}}
,"C:\\Users\\tubbeTEC\\Downloads\\Anamnese-kimi\\anamnese-app\\src\\utils\\haptics.ts": {"lines":{"total":7,"covered":0,"skipped":0,"pct":0},"functions":{"total":5,"covered":0,"skipped":0,"pct":0},"statements":{"total":7,"covered":0,"skipped":0,"pct":0},"branches":{"total":3,"covered":0,"skipped":0,"pct":0}}
,"C:\\Users\\tubbeTEC\\Downloads\\Anamnese-kimi\\anamnese-app\\src\\utils\\patternAuth.ts": {"lines":{"total":45,"covered":0,"skipped":0,"pct":0},"functions":{"total":10,"covered":0,"skipped":0,"pct":0},"statements":{"total":54,"covered":0,"skipped":0,"pct":0},"branches":{"total":18,"covered":0,"skipped":0,"pct":0}}
,"C:\\Users\\tubbeTEC\\Downloads\\Anamnese-kimi\\anamnese-app\\src\\utils\\questionLogic.ts": {"lines":{"total":161,"covered":0,"skipped":0,"pct":0},"functions":{"total":20,"covered":0,"skipped":0,"pct":0},"statements":{"total":179,"covered":0,"skipped":0,"pct":0},"branches":{"total":189,"covered":0,"skipped":0,"pct":0}}
,"C:\\Users\\tubbeTEC\\Downloads\\Anamnese-kimi\\anamnese-app\\src\\utils\\secureStorage.ts": {"lines":{"total":49,"covered":0,"skipped":0,"pct":0},"functions":{"total":11,"covered":0,"skipped":0,"pct":0},"statements":{"total":53,"covered":0,"skipped":0,"pct":0},"branches":{"total":10,"covered":0,"skipped":0,"pct":0}}
,"C:\\Users\\tubbeTEC\\Downloads\\Anamnese-kimi\\anamnese-app\\src\\utils\\speechSupport.ts": {"lines":{"total":1,"covered":0,"skipped":0,"pct":0},"functions":{"total":1,"covered":0,"skipped":0,"pct":0},"statements":{"total":1,"covered":0,"skipped":0,"pct":0},"branches":{"total":2,"covered":0,"skipped":0,"pct":0}}
}
